<?xml version="1.0" encoding="utf-8"?>
<test-run id="2" testcasecount="57" result="Passed" total="57" passed="57" failed="0" inconclusive="0" skipped="0" asserts="0" engine-version="3.5.0.0" clr-version="4.0.30319.42000" start-time="2026-05-05 05:20:09Z" end-time="2026-05-05 05:20:11Z" duration="1.9017262">
  <test-suite type="TestSuite" id="1000" name="hwigija-tower" fullname="hwigija-tower" runstate="Runnable" testcasecount="57" result="Passed" start-time="2026-05-05 05:20:09Z" end-time="2026-05-05 05:20:11Z" duration="1.901726" total="57" passed="57" failed="0" inconclusive="0" skipped="0" asserts="0">
    <properties>
      <property name="platform" value="EditMode" />
    </properties>
    <test-suite type="Assembly" id="1062" name="HwigiTower.EditModeTests.dll" fullname="/Users/godju/Downloads/AI Game/hwigi-tower/Library/ScriptAssemblies/HwigiTower.EditModeTests.dll" runstate="Runnable" testcasecount="57" result="Passed" start-time="2026-05-05 05:20:09Z" end-time="2026-05-05 05:20:11Z" duration="1.780793" total="57" passed="57" failed="0" inconclusive="0" skipped="0" asserts="0">
      <properties>
        <property name="_PID" value="22240" />
        <property name="_APPDOMAIN" value="Unity Child Domain" />
        <property name="platform" value="EditMode" />
        <property name="EditorOnly" value="True" />
      </properties>
      <test-suite type="TestSuite" id="1063" name="HwigiTower" fullname="HwigiTower" runstate="Runnable" testcasecount="57" result="Passed" start-time="2026-05-05 05:20:09Z" end-time="2026-05-05 05:20:11Z" duration="1.779247" total="57" passed="57" failed="0" inconclusive="0" skipped="0" asserts="0">
        <properties />
        <test-suite type="TestSuite" id="1064" name="Tests" fullname="HwigiTower.Tests" runstate="Runnable" testcasecount="57" result="Passed" start-time="2026-05-05 05:20:09Z" end-time="2026-05-05 05:20:11Z" duration="1.778497" total="57" passed="57" failed="0" inconclusive="0" skipped="0" asserts="0">
          <properties />
          <test-suite type="TestSuite" id="1065" name="EditMode" fullname="HwigiTower.Tests.EditMode" runstate="Runnable" testcasecount="57" result="Passed" start-time="2026-05-05 05:20:09Z" end-time="2026-05-05 05:20:11Z" duration="1.777626" total="57" passed="57" failed="0" inconclusive="0" skipped="0" asserts="0">
            <properties />
            <test-suite type="TestFixture" id="1001" name="CoreArchitectureTests" fullname="HwigiTower.Tests.EditMode.CoreArchitectureTests" classname="HwigiTower.Tests.EditMode.CoreArchitectureTests" runstate="Runnable" testcasecount="4" result="Passed" start-time="2026-05-05 05:20:09Z" end-time="2026-05-05 05:20:09Z" duration="0.182018" total="4" passed="4" failed="0" inconclusive="0" skipped="0" asserts="0">
              <properties />
              <test-case id="1002" name="DeterministicRandom_ReplaysSameSequenceForSameSeed" fullname="HwigiTower.Tests.EditMode.CoreArchitectureTests.DeterministicRandom_ReplaysSameSequenceForSameSeed" methodname="DeterministicRandom_ReplaysSameSequenceForSameSeed" classname="HwigiTower.Tests.EditMode.CoreArchitectureTests" runstate="Runnable" seed="126745994" result="Passed" start-time="2026-05-05 05:20:09Z" end-time="2026-05-05 05:20:09Z" duration="0.009692" asserts="0">
                <properties>
                  <property name="retryIteration" value="0" />
                  <property name="repeatIteration" value="0" />
                </properties>
              </test-case>
              <test-case id="1003" name="DeterministicRunContext_CreatesStableSeedKeyForks" fullname="HwigiTower.Tests.EditMode.CoreArchitectureTests.DeterministicRunContext_CreatesStableSeedKeyForks" methodname="DeterministicRunContext_CreatesStableSeedKeyForks" classname="HwigiTower.Tests.EditMode.CoreArchitectureTests" runstate="Runnable" seed="1067851295" result="Passed" start-time="2026-05-05 05:20:09Z" end-time="2026-05-05 05:20:09Z" duration="0.093429" asserts="0">
                <properties>
                  <property name="retryIteration" value="0" />
                  <property name="repeatIteration" value="0" />
                </properties>
              </test-case>
              <test-case id="1005" name="GameFlowEventBus_RaisesEventsInCallOrder" fullname="HwigiTower.Tests.EditMode.CoreArchitectureTests.GameFlowEventBus_RaisesEventsInCallOrder" methodname="GameFlowEventBus_RaisesEventsInCallOrder" classname="HwigiTower.Tests.EditMode.CoreArchitectureTests" runstate="Runnable" seed="845363380" result="Passed" start-time="2026-05-05 05:20:09Z" end-time="2026-05-05 05:20:09Z" duration="0.001538" asserts="0">
                <properties>
                  <property name="retryIteration" value="0" />
                  <property name="repeatIteration" value="0" />
                </properties>
              </test-case>
              <test-case id="1004" name="NpcStateMachine_AppliesMatchingTriggerOnly" fullname="HwigiTower.Tests.EditMode.CoreArchitectureTests.NpcStateMachine_AppliesMatchingTriggerOnly" methodname="NpcStateMachine_AppliesMatchingTriggerOnly" classname="HwigiTower.Tests.EditMode.CoreArchitectureTests" runstate="Runnable" seed="1857441555" result="Passed" start-time="2026-05-05 05:20:09Z" end-time="2026-05-05 05:20:09Z" duration="0.001837" asserts="0">
                <properties>
                  <property name="retryIteration" value="0" />
                  <property name="repeatIteration" value="0" />
                </properties>
              </test-case>
            </test-suite>
            <test-suite type="TestFixture" id="1006" name="DeterministicCacheTests" fullname="HwigiTower.Tests.EditMode.DeterministicCacheTests" classname="HwigiTower.Tests.EditMode.DeterministicCacheTests" runstate="Runnable" testcasecount="4" result="Passed" start-time="2026-05-05 05:20:09Z" end-time="2026-05-05 05:20:09Z" duration="0.008625" total="4" passed="4" failed="0" inconclusive="0" skipped="0" asserts="0">
              <properties />
              <test-case id="1008" name="CacheKey_UsesRunIdAndPromptHash" fullname="HwigiTower.Tests.EditMode.DeterministicCacheTests.CacheKey_UsesRunIdAndPromptHash" methodname="CacheKey_UsesRunIdAndPromptHash" classname="HwigiTower.Tests.EditMode.DeterministicCacheTests" runstate="Runnable" seed="455510334" result="Passed" start-time="2026-05-05 05:20:09Z" end-time="2026-05-05 05:20:09Z" duration="0.000640" asserts="0">
                <properties>
                  <property name="retryIteration" value="0" />
                  <property name="repeatIteration" value="0" />
                </properties>
              </test-case>
              <test-case id="1010" name="InMemoryRepo_DoesNotReturnCacheForDifferentRunId" fullname="HwigiTower.Tests.EditMode.DeterministicCacheTests.InMemoryRepo_DoesNotReturnCacheForDifferentRunId" methodname="InMemoryRepo_DoesNotReturnCacheForDifferentRunId" classname="HwigiTower.Tests.EditMode.DeterministicCacheTests" runstate="Runnable" seed="1651348418" result="Passed" start-time="2026-05-05 05:20:09Z" end-time="2026-05-05 05:20:09Z" duration="0.001238" asserts="0">
                <properties>
                  <property name="retryIteration" value="0" />
                  <property name="repeatIteration" value="0" />
                </properties>
              </test-case>
              <test-case id="1009" name="InMemoryRepo_ReturnsCachedResponseForSameRunAndPromptHash" fullname="HwigiTower.Tests.EditMode.DeterministicCacheTests.InMemoryRepo_ReturnsCachedResponseForSameRunAndPromptHash" methodname="InMemoryRepo_ReturnsCachedResponseForSameRunAndPromptHash" classname="HwigiTower.Tests.EditMode.DeterministicCacheTests" runstate="Runnable" seed="1067222497" result="Passed" start-time="2026-05-05 05:20:09Z" end-time="2026-05-05 05:20:09Z" duration="0.000250" asserts="0">
                <properties>
                  <property name="retryIteration" value="0" />
                  <property name="repeatIteration" value="0" />
                </properties>
              </test-case>
              <test-case id="1007" name="PromptHash_IsStableForSamePrompt" fullname="HwigiTower.Tests.EditMode.DeterministicCacheTests.PromptHash_IsStableForSamePrompt" methodname="PromptHash_IsStableForSamePrompt" classname="HwigiTower.Tests.EditMode.DeterministicCacheTests" runstate="Runnable" seed="184656779" result="Passed" start-time="2026-05-05 05:20:09Z" end-time="2026-05-05 05:20:09Z" duration="0.000110" asserts="0">
                <properties>
                  <property name="retryIteration" value="0" />
                  <property name="repeatIteration" value="0" />
                </properties>
              </test-case>
            </test-suite>
            <test-suite type="TestFixture" id="1011" name="EncounterPipelineV02Tests" fullname="HwigiTower.Tests.EditMode.EncounterPipelineV02Tests" classname="HwigiTower.Tests.EditMode.EncounterPipelineV02Tests" runstate="Runnable" testcasecount="15" result="Passed" start-time="2026-05-05 05:20:09Z" end-time="2026-05-05 05:20:10Z" duration="1.065987" total="15" passed="15" failed="0" inconclusive="0" skipped="0" asserts="0">
              <properties />
              <test-case id="1024" name="Baker_BakesSamplePackIntoFormalEncounterAssets" fullname="HwigiTower.Tests.EditMode.EncounterPipelineV02Tests.Baker_BakesSamplePackIntoFormalEncounterAssets" methodname="Baker_BakesSamplePackIntoFormalEncounterAssets" classname="HwigiTower.Tests.EditMode.EncounterPipelineV02Tests" runstate="Runnable" seed="544688591" result="Passed" start-time="2026-05-05 05:20:09Z" end-time="2026-05-05 05:20:09Z" duration="0.189935" asserts="0">
                <properties>
                  <property name="retryIteration" value="0" />
                  <property name="repeatIteration" value="0" />
                </properties>
                <output><![CDATA[Encounter bake v0.2: validation=valid; dryRun=False; assets=3; created=0; updated=3; reports=0
]]></output>
              </test-case>
              <test-case id="1026" name="Baker_DryRunReportsSourceHashAndStableIdConflicts" fullname="HwigiTower.Tests.EditMode.EncounterPipelineV02Tests.Baker_DryRunReportsSourceHashAndStableIdConflicts" methodname="Baker_DryRunReportsSourceHashAndStableIdConflicts" classname="HwigiTower.Tests.EditMode.EncounterPipelineV02Tests" runstate="Runnable" seed="1422142573" result="Passed" start-time="2026-05-05 05:20:09Z" end-time="2026-05-05 05:20:09Z" duration="0.142423" asserts="0">
                <properties>
                  <property name="retryIteration" value="0" />
                  <property name="repeatIteration" value="0" />
                </properties>
                <output><![CDATA[Encounter bake v0.2: validation=valid; dryRun=False; assets=3; created=0; updated=3; reports=0
Encounter bake v0.2: validation=valid; dryRun=True; assets=3; created=0; updated=3; reports=1
Encounter bake v0.2: validation=valid; dryRun=True; assets=3; created=0; updated=3; reports=2
]]></output>
              </test-case>
              <test-case id="1025" name="Baker_DryRunThenBakesFullPackIntoFormalEncounterAssets" fullname="HwigiTower.Tests.EditMode.EncounterPipelineV02Tests.Baker_DryRunThenBakesFullPackIntoFormalEncounterAssets" methodname="Baker_DryRunThenBakesFullPackIntoFormalEncounterAssets" classname="HwigiTower.Tests.EditMode.EncounterPipelineV02Tests" runstate="Runnable" seed="581743090" result="Passed" start-time="2026-05-05 05:20:09Z" end-time="2026-05-05 05:20:10Z" duration="0.322849" asserts="0">
                <properties>
                  <property name="retryIteration" value="0" />
                  <property name="repeatIteration" value="0" />
                </properties>
                <output><![CDATA[Encounter bake v0.2: validation=valid; dryRun=True; assets=25; created=0; updated=25; reports=0
Encounter bake v0.2: validation=valid; dryRun=False; assets=25; created=0; updated=25; reports=0
]]></output>
              </test-case>
              <test-case id="1013" name="FullPack_PassesV02Validation" fullname="HwigiTower.Tests.EditMode.EncounterPipelineV02Tests.FullPack_PassesV02Validation" methodname="FullPack_PassesV02Validation" classname="HwigiTower.Tests.EditMode.EncounterPipelineV02Tests" runstate="Runnable" seed="893734871" result="Passed" start-time="2026-05-05 05:20:10Z" end-time="2026-05-05 05:20:10Z" duration="0.002225" asserts="0">
                <properties>
                  <property name="retryIteration" value="0" />
                  <property name="repeatIteration" value="0" />
                </properties>
              </test-case>
              <test-case id="1014" name="RuntimeCatalog_BuildsRequiredStableIdLookups" fullname="HwigiTower.Tests.EditMode.EncounterPipelineV02Tests.RuntimeCatalog_BuildsRequiredStableIdLookups" methodname="RuntimeCatalog_BuildsRequiredStableIdLookups" classname="HwigiTower.Tests.EditMode.EncounterPipelineV02Tests" runstate="Runnable" seed="1120795609" result="Passed" start-time="2026-05-05 05:20:10Z" end-time="2026-05-05 05:20:10Z" duration="0.124632" asserts="0">
                <properties>
                  <property name="retryIteration" value="0" />
                  <property name="repeatIteration" value="0" />
                </properties>
              </test-case>
              <test-case id="1015" name="RuntimeCatalogReferenceValidator_FullPackHasNoMissingRefsAndRecognizesMemoryFragments" fullname="HwigiTower.Tests.EditMode.EncounterPipelineV02Tests.RuntimeCatalogReferenceValidator_FullPackHasNoMissingRefsAndRecognizesMemoryFragments" methodname="RuntimeCatalogReferenceValidator_FullPackHasNoMissingRefsAndRecognizesMemoryFragments" classname="HwigiTower.Tests.EditMode.EncounterPipelineV02Tests" runstate="Runnable" seed="1259487339" result="Passed" start-time="2026-05-05 05:20:10Z" end-time="2026-05-05 05:20:10Z" duration="0.138718" asserts="0">
                <properties>
                  <property name="retryIteration" value="0" />
                  <property name="repeatIteration" value="0" />
                </properties>
              </test-case>
              <test-case id="1016" name="RuntimeCatalogReferenceValidator_ReportsDuplicateEncounterStableIds" fullname="HwigiTower.Tests.EditMode.EncounterPipelineV02Tests.RuntimeCatalogReferenceValidator_ReportsDuplicateEncounterStableIds" methodname="RuntimeCatalogReferenceValidator_ReportsDuplicateEncounterStableIds" classname="HwigiTower.Tests.EditMode.EncounterPipelineV02Tests" runstate="Runnable" seed="1546144475" result="Passed" start-time="2026-05-05 05:20:10Z" end-time="2026-05-05 05:20:10Z" duration="0.140177" asserts="0">
                <properties>
                  <property name="retryIteration" value="0" />
                  <property name="repeatIteration" value="0" />
                </properties>
              </test-case>
              <test-case id="1012" name="SamplePack_PassesV02Validation" fullname="HwigiTower.Tests.EditMode.EncounterPipelineV02Tests.SamplePack_PassesV02Validation" methodname="SamplePack_PassesV02Validation" classname="HwigiTower.Tests.EditMode.EncounterPipelineV02Tests" runstate="Runnable" seed="759509204" result="Passed" start-time="2026-05-05 05:20:10Z" end-time="2026-05-05 05:20:10Z" duration="0.000659" asserts="0">
                <properties>
                  <property name="retryIteration" value="0" />
                  <property name="repeatIteration" value="0" />
                </properties>
              </test-case>
              <test-case id="1017" name="ValidationCases_RunnerMatchesExpectedResults" fullname="HwigiTower.Tests.EditMode.EncounterPipelineV02Tests.ValidationCases_RunnerMatchesExpectedResults" methodname="ValidationCases_RunnerMatchesExpectedResults" classname="HwigiTower.Tests.EditMode.EncounterPipelineV02Tests" runstate="Runnable" seed="922211081" result="Passed" start-time="2026-05-05 05:20:10Z" end-time="2026-05-05 05:20:10Z" duration="0.001791" asserts="0">
                <properties>
                  <property name="retryIteration" value="0" />
                  <property name="repeatIteration" value="0" />
                </properties>
              </test-case>
              <test-case id="1020" name="Validator_FailsInvalidAssetPath" fullname="HwigiTower.Tests.EditMode.EncounterPipelineV02Tests.Validator_FailsInvalidAssetPath" methodname="Validator_FailsInvalidAssetPath" classname="HwigiTower.Tests.EditMode.EncounterPipelineV02Tests" runstate="Runnable" seed="2005798103" result="Passed" start-time="2026-05-05 05:20:10Z" end-time="2026-05-05 05:20:10Z" duration="0.000165" asserts="0">
                <properties>
                  <property name="retryIteration" value="0" />
                  <property name="repeatIteration" value="0" />
                </properties>
              </test-case>
              <test-case id="1023" name="Validator_FailsMoralChoiceWithoutAffinityOrGlitch" fullname="HwigiTower.Tests.EditMode.EncounterPipelineV02Tests.Validator_FailsMoralChoiceWithoutAffinityOrGlitch" methodname="Validator_FailsMoralChoiceWithoutAffinityOrGlitch" classname="HwigiTower.Tests.EditMode.EncounterPipelineV02Tests" runstate="Runnable" seed="2052313866" result="Passed" start-time="2026-05-05 05:20:10Z" end-time="2026-05-05 05:20:10Z" duration="0.000087" asserts="0">
                <properties>
                  <property name="retryIteration" value="0" />
                  <property name="repeatIteration" value="0" />
                </properties>
              </test-case>
              <test-case id="1019" name="Validator_FailsOldNpcStageEnum" fullname="HwigiTower.Tests.EditMode.EncounterPipelineV02Tests.Validator_FailsOldNpcStageEnum" methodname="Validator_FailsOldNpcStageEnum" classname="HwigiTower.Tests.EditMode.EncounterPipelineV02Tests" runstate="Runnable" seed="174552474" result="Passed" start-time="2026-05-05 05:20:10Z" end-time="2026-05-05 05:20:10Z" duration="0.000054" asserts="0">
                <properties>
                  <property name="retryIteration" value="0" />
                  <property name="repeatIteration" value="0" />
                </properties>
              </test-case>
              <test-case id="1022" name="Validator_FailsShopMissingGoldRequirement" fullname="HwigiTower.Tests.EditMode.EncounterPipelineV02Tests.Validator_FailsShopMissingGoldRequirement" methodname="Validator_FailsShopMissingGoldRequirement" classname="HwigiTower.Tests.EditMode.EncounterPipelineV02Tests" runstate="Runnable" seed="1847182776" result="Passed" start-time="2026-05-05 05:20:10Z" end-time="2026-05-05 05:20:10Z" duration="0.000078" asserts="0">
                <properties>
                  <property name="retryIteration" value="0" />
                  <property name="repeatIteration" value="0" />
                </properties>
              </test-case>
              <test-case id="1021" name="Validator_FailsSilentChoice" fullname="HwigiTower.Tests.EditMode.EncounterPipelineV02Tests.Validator_FailsSilentChoice" methodname="Validator_FailsSilentChoice" classname="HwigiTower.Tests.EditMode.EncounterPipelineV02Tests" runstate="Runnable" seed="1316473930" result="Passed" start-time="2026-05-05 05:20:10Z" end-time="2026-05-05 05:20:10Z" duration="0.000059" asserts="0">
                <properties>
                  <property name="retryIteration" value="0" />
                  <property name="repeatIteration" value="0" />
                </properties>
              </test-case>
              <test-case id="1018" name="Validator_FailsWhenEscapePolicyIsPresent" fullname="HwigiTower.Tests.EditMode.EncounterPipelineV02Tests.Validator_FailsWhenEscapePolicyIsPresent" methodname="Validator_FailsWhenEscapePolicyIsPresent" classname="HwigiTower.Tests.EditMode.EncounterPipelineV02Tests" runstate="Runnable" seed="1505532541" result="Passed" start-time="2026-05-05 05:20:10Z" end-time="2026-05-05 05:20:10Z" duration="0.000050" asserts="0">
                <properties>
                  <property name="retryIteration" value="0" />
                  <property name="repeatIteration" value="0" />
                </properties>
              </test-case>
            </test-suite>
            <test-suite type="TestFixture" id="1027" name="RuntimeShellTests" fullname="HwigiTower.Tests.EditMode.RuntimeShellTests" classname="HwigiTower.Tests.EditMode.RuntimeShellTests" runstate="Runnable" testcasecount="34" result="Passed" start-time="2026-05-05 05:20:10Z" end-time="2026-05-05 05:20:11Z" duration="0.519156" total="34" passed="34" failed="0" inconclusive="0" skipped="0" asserts="0">
              <properties />
              <test-case id="1031" name="CachedLLMProvider_ReusesStoredResponse" fullname="HwigiTower.Tests.EditMode.RuntimeShellTests.CachedLLMProvider_ReusesStoredResponse" methodname="CachedLLMProvider_ReusesStoredResponse" classname="HwigiTower.Tests.EditMode.RuntimeShellTests" runstate="Runnable" seed="1910189240" result="Passed" start-time="2026-05-05 05:20:10Z" end-time="2026-05-05 05:20:10Z" duration="0.000338" asserts="0">
                <properties>
                  <property name="retryIteration" value="0" />
                  <property name="repeatIteration" value="0" />
                </properties>
              </test-case>
              <test-case id="1035" name="CombatAbilityModifiers_UsesAbilityNumericParams" fullname="HwigiTower.Tests.EditMode.RuntimeShellTests.CombatAbilityModifiers_UsesAbilityNumericParams" methodname="CombatAbilityModifiers_UsesAbilityNumericParams" classname="HwigiTower.Tests.EditMode.RuntimeShellTests" runstate="Runnable" seed="1869475928" result="Passed" start-time="2026-05-05 05:20:10Z" end-time="2026-05-05 05:20:10Z" duration="0.001000" asserts="0">
                <properties>
                  <property name="retryIteration" value="0" />
                  <property name="repeatIteration" value="0" />
                </properties>
              </test-case>
              <test-case id="1029" name="CombatController_ResolvesDeterministicRounds" fullname="HwigiTower.Tests.EditMode.RuntimeShellTests.CombatController_ResolvesDeterministicRounds" methodname="CombatController_ResolvesDeterministicRounds" classname="HwigiTower.Tests.EditMode.RuntimeShellTests" runstate="Runnable" seed="1542730311" result="Passed" start-time="2026-05-05 05:20:10Z" end-time="2026-05-05 05:20:10Z" duration="0.000369" asserts="0">
                <properties>
                  <property name="retryIteration" value="0" />
                  <property name="repeatIteration" value="0" />
                </properties>
              </test-case>
              <test-case id="1051" name="DemoProgression_CompletesOnlyAfterRequiredFourEncounters" fullname="HwigiTower.Tests.EditMode.RuntimeShellTests.DemoProgression_CompletesOnlyAfterRequiredFourEncounters" methodname="DemoProgression_CompletesOnlyAfterRequiredFourEncounters" classname="HwigiTower.Tests.EditMode.RuntimeShellTests" runstate="Runnable" seed="1963332862" result="Passed" start-time="2026-05-05 05:20:10Z" end-time="2026-05-05 05:20:10Z" duration="0.006937" asserts="0">
                <properties>
                  <property name="retryIteration" value="0" />
                  <property name="repeatIteration" value="0" />
                </properties>
              </test-case>
              <test-case id="1052" name="DemoProgression_DoesNotAdvanceOrReapplyOnResolvedRevisit" fullname="HwigiTower.Tests.EditMode.RuntimeShellTests.DemoProgression_DoesNotAdvanceOrReapplyOnResolvedRevisit" methodname="DemoProgression_DoesNotAdvanceOrReapplyOnResolvedRevisit" classname="HwigiTower.Tests.EditMode.RuntimeShellTests" runstate="Runnable" seed="787440725" result="Passed" start-time="2026-05-05 05:20:10Z" end-time="2026-05-05 05:20:10Z" duration="0.000890" asserts="0">
                <properties>
                  <property name="retryIteration" value="0" />
                  <property name="repeatIteration" value="0" />
                </properties>
              </test-case>
              <test-case id="1053" name="DemoProgression_OrderIsReproducibleForSameSeed" fullname="HwigiTower.Tests.EditMode.RuntimeShellTests.DemoProgression_OrderIsReproducibleForSameSeed" methodname="DemoProgression_OrderIsReproducibleForSameSeed" classname="HwigiTower.Tests.EditMode.RuntimeShellTests" runstate="Runnable" seed="978164535" result="Passed" start-time="2026-05-05 05:20:10Z" end-time="2026-05-05 05:20:10Z" duration="0.000475" asserts="0">
                <properties>
                  <property name="retryIteration" value="0" />
                  <property name="repeatIteration" value="0" />
                </properties>
              </test-case>
              <test-case id="1041" name="EncounterRuntimeResolver_AppliesChoiceEffects" fullname="HwigiTower.Tests.EditMode.RuntimeShellTests.EncounterRuntimeResolver_AppliesChoiceEffects" methodname="EncounterRuntimeResolver_AppliesChoiceEffects" classname="HwigiTower.Tests.EditMode.RuntimeShellTests" runstate="Runnable" seed="102545" result="Passed" start-time="2026-05-05 05:20:10Z" end-time="2026-05-05 05:20:10Z" duration="0.000847" asserts="0">
                <properties>
                  <property name="retryIteration" value="0" />
                  <property name="repeatIteration" value="0" />
                </properties>
              </test-case>
              <test-case id="1043" name="EncounterRuntimeResolver_BlocksChoiceWhenRequirementFails" fullname="HwigiTower.Tests.EditMode.RuntimeShellTests.EncounterRuntimeResolver_BlocksChoiceWhenRequirementFails" methodname="EncounterRuntimeResolver_BlocksChoiceWhenRequirementFails" classname="HwigiTower.Tests.EditMode.RuntimeShellTests" runstate="Runnable" seed="556007098" result="Passed" start-time="2026-05-05 05:20:10Z" end-time="2026-05-05 05:20:10Z" duration="0.000321" asserts="0">
                <properties>
                  <property name="retryIteration" value="0" />
                  <property name="repeatIteration" value="0" />
                </properties>
              </test-case>
              <test-case id="1044" name="EncounterRuntimeResolver_HandlesHiddenAndDisabledVisibleChoices" fullname="HwigiTower.Tests.EditMode.RuntimeShellTests.EncounterRuntimeResolver_HandlesHiddenAndDisabledVisibleChoices" methodname="EncounterRuntimeResolver_HandlesHiddenAndDisabledVisibleChoices" classname="HwigiTower.Tests.EditMode.RuntimeShellTests" runstate="Runnable" seed="1443801851" result="Passed" start-time="2026-05-05 05:20:10Z" end-time="2026-05-05 05:20:10Z" duration="0.000543" asserts="0">
                <properties>
                  <property name="retryIteration" value="0" />
                  <property name="repeatIteration" value="0" />
                </properties>
              </test-case>
              <test-case id="1048" name="EncounterRuntimeResolver_MemoryUnlockUpdatesRunStateDeterministically" fullname="HwigiTower.Tests.EditMode.RuntimeShellTests.EncounterRuntimeResolver_MemoryUnlockUpdatesRunStateDeterministically" methodname="EncounterRuntimeResolver_MemoryUnlockUpdatesRunStateDeterministically" classname="HwigiTower.Tests.EditMode.RuntimeShellTests" runstate="Runnable" seed="796942231" result="Passed" start-time="2026-05-05 05:20:10Z" end-time="2026-05-05 05:20:10Z" duration="0.127431" asserts="0">
                <properties>
                  <property name="retryIteration" value="0" />
                  <property name="repeatIteration" value="0" />
                </properties>
              </test-case>
              <test-case id="1045" name="EncounterRuntimeResolver_ShopSpendsGoldAndAddsItem" fullname="HwigiTower.Tests.EditMode.RuntimeShellTests.EncounterRuntimeResolver_ShopSpendsGoldAndAddsItem" methodname="EncounterRuntimeResolver_ShopSpendsGoldAndAddsItem" classname="HwigiTower.Tests.EditMode.RuntimeShellTests" runstate="Runnable" seed="587733325" result="Passed" start-time="2026-05-05 05:20:10Z" end-time="2026-05-05 05:20:10Z" duration="0.000390" asserts="0">
                <properties>
                  <property name="retryIteration" value="0" />
                  <property name="repeatIteration" value="0" />
                </properties>
              </test-case>
              <test-case id="1049" name="EncounterRuntimeResolver_StartCombatEntersCombatFlow" fullname="HwigiTower.Tests.EditMode.RuntimeShellTests.EncounterRuntimeResolver_StartCombatEntersCombatFlow" methodname="EncounterRuntimeResolver_StartCombatEntersCombatFlow" classname="HwigiTower.Tests.EditMode.RuntimeShellTests" runstate="Runnable" seed="1976117466" result="Passed" start-time="2026-05-05 05:20:10Z" end-time="2026-05-05 05:20:10Z" duration="0.000466" asserts="0">
                <properties>
                  <property name="retryIteration" value="0" />
                  <property name="repeatIteration" value="0" />
                </properties>
              </test-case>
              <test-case id="1050" name="EncounterRuntimeResolver_UsesCatalogEnemyForCombatHandoff" fullname="HwigiTower.Tests.EditMode.RuntimeShellTests.EncounterRuntimeResolver_UsesCatalogEnemyForCombatHandoff" methodname="EncounterRuntimeResolver_UsesCatalogEnemyForCombatHandoff" classname="HwigiTower.Tests.EditMode.RuntimeShellTests" runstate="Runnable" seed="644292740" result="Passed" start-time="2026-05-05 05:20:10Z" end-time="2026-05-05 05:20:10Z" duration="0.119955" asserts="0">
                <properties>
                  <property name="retryIteration" value="0" />
                  <property name="repeatIteration" value="0" />
                </properties>
              </test-case>
              <test-case id="1046" name="EncounterRuntimeResolver_UsesCatalogForShopItemAndAbility" fullname="HwigiTower.Tests.EditMode.RuntimeShellTests.EncounterRuntimeResolver_UsesCatalogForShopItemAndAbility" methodname="EncounterRuntimeResolver_UsesCatalogForShopItemAndAbility" classname="HwigiTower.Tests.EditMode.RuntimeShellTests" runstate="Runnable" seed="560232496" result="Passed" start-time="2026-05-05 05:20:10Z" end-time="2026-05-05 05:20:10Z" duration="0.121684" asserts="0">
                <properties>
                  <property name="retryIteration" value="0" />
                  <property name="repeatIteration" value="0" />
                </properties>
              </test-case>
              <test-case id="1047" name="EncounterRuntimeResolver_UsesCatalogRewardBundleEntries" fullname="HwigiTower.Tests.EditMode.RuntimeShellTests.EncounterRuntimeResolver_UsesCatalogRewardBundleEntries" methodname="EncounterRuntimeResolver_UsesCatalogRewardBundleEntries" classname="HwigiTower.Tests.EditMode.RuntimeShellTests" runstate="Runnable" seed="1381947099" result="Passed" start-time="2026-05-05 05:20:10Z" end-time="2026-05-05 05:20:11Z" duration="0.119878" asserts="0">
                <properties>
                  <property name="retryIteration" value="0" />
                  <property name="repeatIteration" value="0" />
                </properties>
              </test-case>
              <test-case id="1028" name="EncounterSelector_ReplaysSameChoiceForSameRunAndNode" fullname="HwigiTower.Tests.EditMode.RuntimeShellTests.EncounterSelector_ReplaysSameChoiceForSameRunAndNode" methodname="EncounterSelector_ReplaysSameChoiceForSameRunAndNode" classname="HwigiTower.Tests.EditMode.RuntimeShellTests" runstate="Runnable" seed="1378591039" result="Passed" start-time="2026-05-05 05:20:11Z" end-time="2026-05-05 05:20:11Z" duration="0.000887" asserts="0">
                <properties>
                  <property name="retryIteration" value="0" />
                  <property name="repeatIteration" value="0" />
                </properties>
              </test-case>
              <test-case id="1059" name="LLMModelIntakeFiles_ExistInExpectedFolders" fullname="HwigiTower.Tests.EditMode.RuntimeShellTests.LLMModelIntakeFiles_ExistInExpectedFolders" methodname="LLMModelIntakeFiles_ExistInExpectedFolders" classname="HwigiTower.Tests.EditMode.RuntimeShellTests" runstate="Runnable" seed="116618930" result="Passed" start-time="2026-05-05 05:20:11Z" end-time="2026-05-05 05:20:11Z" duration="0.000220" asserts="0">
                <properties>
                  <property name="retryIteration" value="0" />
                  <property name="repeatIteration" value="0" />
                </properties>
              </test-case>
              <test-case id="1058" name="LLMModelManifestLoader_EmptyModelIdReturnsFakeConfig" fullname="HwigiTower.Tests.EditMode.RuntimeShellTests.LLMModelManifestLoader_EmptyModelIdReturnsFakeConfig" methodname="LLMModelManifestLoader_EmptyModelIdReturnsFakeConfig" classname="HwigiTower.Tests.EditMode.RuntimeShellTests" runstate="Runnable" seed="1196360045" result="Passed" start-time="2026-05-05 05:20:11Z" end-time="2026-05-05 05:20:11Z" duration="0.000168" asserts="0">
                <properties>
                  <property name="retryIteration" value="0" />
                  <property name="repeatIteration" value="0" />
                </properties>
              </test-case>
              <test-case id="1057" name="LLMModelManifestLoader_InvalidModelPathFallsBackWithoutBreakingFlow" fullname="HwigiTower.Tests.EditMode.RuntimeShellTests.LLMModelManifestLoader_InvalidModelPathFallsBackWithoutBreakingFlow" methodname="LLMModelManifestLoader_InvalidModelPathFallsBackWithoutBreakingFlow" classname="HwigiTower.Tests.EditMode.RuntimeShellTests" runstate="Runnable" seed="1207333163" result="Passed" start-time="2026-05-05 05:20:11Z" end-time="2026-05-05 05:20:11Z" duration="0.000731" asserts="0">
                <properties>
                  <property name="retryIteration" value="0" />
                  <property name="repeatIteration" value="0" />
                </properties>
              </test-case>
              <test-case id="1056" name="LLMProviderFactory_CachesByRunIdAndPromptHash" fullname="HwigiTower.Tests.EditMode.RuntimeShellTests.LLMProviderFactory_CachesByRunIdAndPromptHash" methodname="LLMProviderFactory_CachesByRunIdAndPromptHash" classname="HwigiTower.Tests.EditMode.RuntimeShellTests" runstate="Runnable" seed="282494953" result="Passed" start-time="2026-05-05 05:20:11Z" end-time="2026-05-05 05:20:11Z" duration="0.000128" asserts="0">
                <properties>
                  <property name="retryIteration" value="0" />
                  <property name="repeatIteration" value="0" />
                </properties>
              </test-case>
              <test-case id="1055" name="LLMProviderFactory_UsesFakeProviderWhenConfigIsEmpty" fullname="HwigiTower.Tests.EditMode.RuntimeShellTests.LLMProviderFactory_UsesFakeProviderWhenConfigIsEmpty" methodname="LLMProviderFactory_UsesFakeProviderWhenConfigIsEmpty" classname="HwigiTower.Tests.EditMode.RuntimeShellTests" runstate="Runnable" seed="563644140" result="Passed" start-time="2026-05-05 05:20:11Z" end-time="2026-05-05 05:20:11Z" duration="0.000088" asserts="0">
                <properties>
                  <property name="retryIteration" value="0" />
                  <property name="repeatIteration" value="0" />
                </properties>
              </test-case>
              <test-case id="1054" name="OnDeviceLLMProvider_FallsBackWhenNativePluginIsMissing" fullname="HwigiTower.Tests.EditMode.RuntimeShellTests.OnDeviceLLMProvider_FallsBackWhenNativePluginIsMissing" methodname="OnDeviceLLMProvider_FallsBackWhenNativePluginIsMissing" classname="HwigiTower.Tests.EditMode.RuntimeShellTests" runstate="Runnable" seed="1973714478" result="Passed" start-time="2026-05-05 05:20:11Z" end-time="2026-05-05 05:20:11Z" duration="0.006697" asserts="0">
                <properties>
                  <property name="retryIteration" value="0" />
                  <property name="repeatIteration" value="0" />
                </properties>
              </test-case>
              <test-case id="1033" name="PrototypeRunState_BattleEmitsCombatAndCompletionEvents" fullname="HwigiTower.Tests.EditMode.RuntimeShellTests.PrototypeRunState_BattleEmitsCombatAndCompletionEvents" methodname="PrototypeRunState_BattleEmitsCombatAndCompletionEvents" classname="HwigiTower.Tests.EditMode.RuntimeShellTests" runstate="Runnable" seed="636352427" result="Passed" start-time="2026-05-05 05:20:11Z" end-time="2026-05-05 05:20:11Z" duration="0.000778" asserts="0">
                <properties>
                  <property name="retryIteration" value="0" />
                  <property name="repeatIteration" value="0" />
                </properties>
              </test-case>
              <test-case id="1042" name="PrototypeRunState_BlocksResolvedEncounterChoiceRevisit" fullname="HwigiTower.Tests.EditMode.RuntimeShellTests.PrototypeRunState_BlocksResolvedEncounterChoiceRevisit" methodname="PrototypeRunState_BlocksResolvedEncounterChoiceRevisit" classname="HwigiTower.Tests.EditMode.RuntimeShellTests" runstate="Runnable" seed="304118389" result="Passed" start-time="2026-05-05 05:20:11Z" end-time="2026-05-05 05:20:11Z" duration="0.000330" asserts="0">
                <properties>
                  <property name="retryIteration" value="0" />
                  <property name="repeatIteration" value="0" />
                </properties>
              </test-case>
              <test-case id="1037" name="PrototypeRunState_ClampsCoreRunStateValues" fullname="HwigiTower.Tests.EditMode.RuntimeShellTests.PrototypeRunState_ClampsCoreRunStateValues" methodname="PrototypeRunState_ClampsCoreRunStateValues" classname="HwigiTower.Tests.EditMode.RuntimeShellTests" runstate="Runnable" seed="1234008824" result="Passed" start-time="2026-05-05 05:20:11Z" end-time="2026-05-05 05:20:11Z" duration="0.000129" asserts="0">
                <properties>
                  <property name="retryIteration" value="0" />
                  <property name="repeatIteration" value="0" />
                </properties>
              </test-case>
              <test-case id="1060" name="PrototypeRunState_ForwardsRunEventsToAttachedNpcStateMachine" fullname="HwigiTower.Tests.EditMode.RuntimeShellTests.PrototypeRunState_ForwardsRunEventsToAttachedNpcStateMachine" methodname="PrototypeRunState_ForwardsRunEventsToAttachedNpcStateMachine" classname="HwigiTower.Tests.EditMode.RuntimeShellTests" runstate="Runnable" seed="1421515568" result="Passed" start-time="2026-05-05 05:20:11Z" end-time="2026-05-05 05:20:11Z" duration="0.000284" asserts="0">
                <properties>
                  <property name="retryIteration" value="0" />
                  <property name="repeatIteration" value="0" />
                </properties>
              </test-case>
              <test-case id="1040" name="PrototypeRunState_ModifiesGlitchAndAffinity" fullname="HwigiTower.Tests.EditMode.RuntimeShellTests.PrototypeRunState_ModifiesGlitchAndAffinity" methodname="PrototypeRunState_ModifiesGlitchAndAffinity" classname="HwigiTower.Tests.EditMode.RuntimeShellTests" runstate="Runnable" seed="830056196" result="Passed" start-time="2026-05-05 05:20:11Z" end-time="2026-05-05 05:20:11Z" duration="0.000066" asserts="0">
                <properties>
                  <property name="retryIteration" value="0" />
                  <property name="repeatIteration" value="0" />
                </properties>
              </test-case>
              <test-case id="1036" name="PrototypeRunState_RemnantCompletesRunAndSavesReflection" fullname="HwigiTower.Tests.EditMode.RuntimeShellTests.PrototypeRunState_RemnantCompletesRunAndSavesReflection" methodname="PrototypeRunState_RemnantCompletesRunAndSavesReflection" classname="HwigiTower.Tests.EditMode.RuntimeShellTests" runstate="Runnable" seed="1117105771" result="Passed" start-time="2026-05-05 05:20:11Z" end-time="2026-05-05 05:20:11Z" duration="0.000132" asserts="0">
                <properties>
                  <property name="retryIteration" value="0" />
                  <property name="repeatIteration" value="0" />
                </properties>
              </test-case>
              <test-case id="1034" name="PrototypeRunState_RestRestoresPersistentPlayerHp" fullname="HwigiTower.Tests.EditMode.RuntimeShellTests.PrototypeRunState_RestRestoresPersistentPlayerHp" methodname="PrototypeRunState_RestRestoresPersistentPlayerHp" classname="HwigiTower.Tests.EditMode.RuntimeShellTests" runstate="Runnable" seed="149988335" result="Passed" start-time="2026-05-05 05:20:11Z" end-time="2026-05-05 05:20:11Z" duration="0.001447" asserts="0">
                <properties>
                  <property name="retryIteration" value="0" />
                  <property name="repeatIteration" value="0" />
                </properties>
              </test-case>
              <test-case id="1038" name="PrototypeRunState_ShopFailsWhenGoldIsInsufficient" fullname="HwigiTower.Tests.EditMode.RuntimeShellTests.PrototypeRunState_ShopFailsWhenGoldIsInsufficient" methodname="PrototypeRunState_ShopFailsWhenGoldIsInsufficient" classname="HwigiTower.Tests.EditMode.RuntimeShellTests" runstate="Runnable" seed="1180896495" result="Passed" start-time="2026-05-05 05:20:11Z" end-time="2026-05-05 05:20:11Z" duration="0.000293" asserts="0">
                <properties>
                  <property name="retryIteration" value="0" />
                  <property name="repeatIteration" value="0" />
                </properties>
              </test-case>
              <test-case id="1039" name="PrototypeRunState_ShopSpendsGoldAndGrantsAbility" fullname="HwigiTower.Tests.EditMode.RuntimeShellTests.PrototypeRunState_ShopSpendsGoldAndGrantsAbility" methodname="PrototypeRunState_ShopSpendsGoldAndGrantsAbility" classname="HwigiTower.Tests.EditMode.RuntimeShellTests" runstate="Runnable" seed="1217228132" result="Passed" start-time="2026-05-05 05:20:11Z" end-time="2026-05-05 05:20:11Z" duration="0.000117" asserts="0">
                <properties>
                  <property name="retryIteration" value="0" />
                  <property name="repeatIteration" value="0" />
                </properties>
              </test-case>
              <test-case id="1032" name="ReflectionPipeline_SavesReflectionAndBuildsRecentRecallPrompt" fullname="HwigiTower.Tests.EditMode.RuntimeShellTests.ReflectionPipeline_SavesReflectionAndBuildsRecentRecallPrompt" methodname="ReflectionPipeline_SavesReflectionAndBuildsRecentRecallPrompt" classname="HwigiTower.Tests.EditMode.RuntimeShellTests" runstate="Runnable" seed="572259478" result="Passed" start-time="2026-05-05 05:20:11Z" end-time="2026-05-05 05:20:11Z" duration="0.000125" asserts="0">
                <properties>
                  <property name="retryIteration" value="0" />
                  <property name="repeatIteration" value="0" />
                </properties>
              </test-case>
              <test-case id="1061" name="SqliteRepo_ExposesSchemaWithoutExternalPlugin" fullname="HwigiTower.Tests.EditMode.RuntimeShellTests.SqliteRepo_ExposesSchemaWithoutExternalPlugin" methodname="SqliteRepo_ExposesSchemaWithoutExternalPlugin" classname="HwigiTower.Tests.EditMode.RuntimeShellTests" runstate="Runnable" seed="738377404" result="Passed" start-time="2026-05-05 05:20:11Z" end-time="2026-05-05 05:20:11Z" duration="0.000166" asserts="0">
                <properties>
                  <property name="retryIteration" value="0" />
                  <property name="repeatIteration" value="0" />
                </properties>
              </test-case>
              <test-case id="1030" name="SynergyDetector_ActivatesWhenRequiredTagCountIsMet" fullname="HwigiTower.Tests.EditMode.RuntimeShellTests.SynergyDetector_ActivatesWhenRequiredTagCountIsMet" methodname="SynergyDetector_ActivatesWhenRequiredTagCountIsMet" classname="HwigiTower.Tests.EditMode.RuntimeShellTests" runstate="Runnable" seed="1338474883" result="Passed" start-time="2026-05-05 05:20:11Z" end-time="2026-05-05 05:20:11Z" duration="0.000497" asserts="0">
                <properties>
                  <property name="retryIteration" value="0" />
                  <property name="repeatIteration" value="0" />
                </properties>
                <output><![CDATA[Saving results to: /Users/godju/Library/Application Support/DefaultCompany/hwigija-tower/TestResults.xml
]]></output>
              </test-case>
            </test-suite>
          </test-suite>
        </test-suite>
      </test-suite>
    </test-suite>
  </test-suite>
</test-run>