<?xml version="1.0" encoding="utf-8"?>
<test-run id="2" testcasecount="1" result="Passed" total="1" passed="1" failed="0" inconclusive="0" skipped="0" asserts="0" engine-version="3.5.0.0" clr-version="4.0.30319.42000" start-time="2026-09-02 03:27:20Z" end-time="2026-09-02 03:27:28Z" duration="7.8668792">
  <test-suite type="TestSuite" id="1033" name="회귀자는 탑을 오른다" fullname="회귀자는 탑을 오른다" runstate="Runnable" testcasecount="22" result="Passed" start-time="2026-09-02 03:27:20Z" end-time="2026-09-02 03:27:28Z" duration="7.866879" total="1" passed="1" failed="0" inconclusive="0" skipped="0" asserts="0">
    <properties>
      <property name="platform" value="PlayMode" />
    </properties>
    <test-suite type="Assembly" id="1026" name="HwigiTower.PlayModeTests.dll" fullname="/Users/godju/Downloads/AI Game/hwigi-rest-ui-20260901/Library/ScriptAssemblies/HwigiTower.PlayModeTests.dll" runstate="Runnable" testcasecount="22" result="Passed" start-time="2026-09-02 03:27:20Z" end-time="2026-09-02 03:27:28Z" duration="7.860901" total="1" passed="1" failed="0" inconclusive="0" skipped="0" asserts="0">
      <properties>
        <property name="_PID" value="11409" />
        <property name="_APPDOMAIN" value="Unity Child Domain" />
        <property name="platform" value="PlayMode" />
        <property name="EditorOnly" value="False" />
      </properties>
      <test-suite type="TestSuite" id="1027" name="HwigiTower" fullname="HwigiTower" runstate="Runnable" testcasecount="22" result="Passed" start-time="2026-09-02 03:27:20Z" end-time="2026-09-02 03:27:28Z" duration="7.860220" total="1" passed="1" failed="0" inconclusive="0" skipped="0" asserts="0">
        <properties />
        <test-suite type="TestSuite" id="1028" name="Tests" fullname="HwigiTower.Tests" runstate="Runnable" testcasecount="22" result="Passed" start-time="2026-09-02 03:27:20Z" end-time="2026-09-02 03:27:28Z" duration="7.859777" total="1" passed="1" failed="0" inconclusive="0" skipped="0" asserts="0">
          <properties />
          <test-suite type="TestSuite" id="1029" name="PlayMode" fullname="HwigiTower.Tests.PlayMode" runstate="Runnable" testcasecount="22" result="Passed" start-time="2026-09-02 03:27:20Z" end-time="2026-09-02 03:27:28Z" duration="7.859336" total="1" passed="1" failed="0" inconclusive="0" skipped="0" asserts="0">
            <properties />
            <test-suite type="TestFixture" id="1008" name="PortraitUiScreenshotQaTests" fullname="HwigiTower.Tests.PlayMode.PortraitUiScreenshotQaTests" classname="HwigiTower.Tests.PlayMode.PortraitUiScreenshotQaTests" runstate="Runnable" testcasecount="1" result="Passed" start-time="2026-09-02 03:27:20Z" end-time="2026-09-02 03:27:28Z" duration="7.858321" total="1" passed="1" failed="0" inconclusive="0" skipped="0" asserts="0">
              <properties />
              <test-case id="1009" name="PortraitUiV3_CapturesRequiredQaScreens" fullname="HwigiTower.Tests.PlayMode.PortraitUiScreenshotQaTests.PortraitUiV3_CapturesRequiredQaScreens" methodname="PortraitUiV3_CapturesRequiredQaScreens" classname="HwigiTower.Tests.PlayMode.PortraitUiScreenshotQaTests" runstate="Explicit" seed="817932858" result="Passed" start-time="2026-09-02 03:27:20Z" end-time="2026-09-02 03:27:28Z" duration="7.850901" asserts="0">
                <properties>
                  <property name="_JOINTYPE" value="UnityCombinatorial" />
                  <property name="_SKIPREASON" value="Screenshot QA is manual-only and excluded from standard PlayMode validation." />
                  <property name="retryIteration" value="0" />
                  <property name="repeatIteration" value="0" />
                </properties>
                <output><![CDATA[There can be only one active Event System.
There are 2 event systems in the scene. Please ensure there is always exactly one event system in the scene
There are 2 event systems in the scene. Please ensure there is always exactly one event system in the scene
There are 2 event systems in the scene. Please ensure there is always exactly one event system in the scene
There are 2 event systems in the scene. Please ensure there is always exactly one event system in the scene
There are 2 event systems in the scene. Please ensure there is always exactly one event system in the scene
There are 2 event systems in the scene. Please ensure there is always exactly one event system in the scene
There are 2 event systems in the scene. Please ensure there is always exactly one event system in the scene
There are 2 event systems in the scene. Please ensure there is always exactly one event system in the scene
There are 2 event systems in the scene. Please ensure there is always exactly one event system in the scene
There are 2 event systems in the scene. Please ensure there is always exactly one event system in the scene
There are 2 event systems in the scene. Please ensure there is always exactly one event system in the scene
There are 2 event systems in the scene. Please ensure there is always exactly one event system in the scene
There are 2 event systems in the scene. Please ensure there is always exactly one event system in the scene
There are 2 event systems in the scene. Please ensure there is always exactly one event system in the scene
There are 2 event systems in the scene. Please ensure there is always exactly one event system in the scene
There can be only one active Event System.
There are 2 event systems in the scene. Please ensure there is always exactly one event system in the scene
There are 2 event systems in the scene. Please ensure there is always exactly one event system in the scene
There are 2 event systems in the scene. Please ensure there is always exactly one event system in the scene
There are 2 event systems in the scene. Please ensure there is always exactly one event system in the scene
There are 2 event systems in the scene. Please ensure there is always exactly one event system in the scene
There are 2 event systems in the scene. Please ensure there is always exactly one event system in the scene
There are 2 event systems in the scene. Please ensure there is always exactly one event system in the scene
There are 2 event systems in the scene. Please ensure there is always exactly one event system in the scene
There are 2 event systems in the scene. Please ensure there is always exactly one event system in the scene
There are 2 event systems in the scene. Please ensure there is always exactly one event system in the scene
There are 2 event systems in the scene. Please ensure there is always exactly one event system in the scene
There are 2 event systems in the scene. Please ensure there is always exactly one event system in the scene
There are 2 event systems in the scene. Please ensure there is always exactly one event system in the scene
There are 2 event systems in the scene. Please ensure there is always exactly one event system in the scene
There are 2 event systems in the scene. Please ensure there is always exactly one event system in the scene
There are 2 event systems in the scene. Please ensure there is always exactly one event system in the scene
There are 2 event systems in the scene. Please ensure there is always exactly one event system in the scene
There are 2 event systems in the scene. Please ensure there is always exactly one event system in the scene
There are 2 event systems in the scene. Please ensure there is always exactly one event system in the scene
There are 2 event systems in the scene. Please ensure there is always exactly one event system in the scene
There are 2 event systems in the scene. Please ensure there is always exactly one event system in the scene
There are 2 event systems in the scene. Please ensure there is always exactly one event system in the scene
There are 2 event systems in the scene. Please ensure there is always exactly one event system in the scene
There are 2 event systems in the scene. Please ensure there is always exactly one event system in the scene
There are 2 event systems in the scene. Please ensure there is always exactly one event system in the scene
There are 2 event systems in the scene. Please ensure there is always exactly one event system in the scene
There are 2 event systems in the scene. Please ensure there is always exactly one event system in the scene
There are 2 event systems in the scene. Please ensure there is always exactly one event system in the scene
There are 2 event systems in the scene. Please ensure there is always exactly one event system in the scene
There are 2 event systems in the scene. Please ensure there is always exactly one event system in the scene
There are 2 event systems in the scene. Please ensure there is always exactly one event system in the scene
There are 2 event systems in the scene. Please ensure there is always exactly one event system in the scene
There are 2 event systems in the scene. Please ensure there is always exactly one event system in the scene
There are 2 event systems in the scene. Please ensure there is always exactly one event system in the scene
There are 2 event systems in the scene. Please ensure there is always exactly one event system in the scene
There are 2 event systems in the scene. Please ensure there is always exactly one event system in the scene
There are 2 event systems in the scene. Please ensure there is always exactly one event system in the scene
There are 2 event systems in the scene. Please ensure there is always exactly one event system in the scene
There are 2 event systems in the scene. Please ensure there is always exactly one event system in the scene
There are 2 event systems in the scene. Please ensure there is always exactly one event system in the scene
There are 2 event systems in the scene. Please ensure there is always exactly one event system in the scene
There are 2 event systems in the scene. Please ensure there is always exactly one event system in the scene
There are 2 event systems in the scene. Please ensure there is always exactly one event system in the scene
There are 2 event systems in the scene. Please ensure there is always exactly one event system in the scene
There are 2 event systems in the scene. Please ensure there is always exactly one event system in the scene
There are 2 event systems in the scene. Please ensure there is always exactly one event system in the scene
There are 2 event systems in the scene. Please ensure there is always exactly one event system in the scene
There are 2 event systems in the scene. Please ensure there is always exactly one event system in the scene
There are 2 event systems in the scene. Please ensure there is always exactly one event system in the scene
There are 2 event systems in the scene. Please ensure there is always exactly one event system in the scene
There are 2 event systems in the scene. Please ensure there is always exactly one event system in the scene
There are 2 event systems in the scene. Please ensure there is always exactly one event system in the scene
There are 2 event systems in the scene. Please ensure there is always exactly one event system in the scene
There are 2 event systems in the scene. Please ensure there is always exactly one event system in the scene
There are 2 event systems in the scene. Please ensure there is always exactly one event system in the scene
There are 2 event systems in the scene. Please ensure there is always exactly one event system in the scene
There are 2 event systems in the scene. Please ensure there is always exactly one event system in the scene
There are 2 event systems in the scene. Please ensure there is always exactly one event system in the scene
There are 2 event systems in the scene. Please ensure there is always exactly one event system in the scene
There are 2 event systems in the scene. Please ensure there is always exactly one event system in the scene
There are 2 event systems in the scene. Please ensure there is always exactly one event system in the scene
There are 2 event systems in the scene. Please ensure there is always exactly one event system in the scene
There are 2 event systems in the scene. Please ensure there is always exactly one event system in the scene
There are 2 event systems in the scene. Please ensure there is always exactly one event system in the scene
There are 2 event systems in the scene. Please ensure there is always exactly one event system in the scene
There are 2 event systems in the scene. Please ensure there is always exactly one event system in the scene
There are 2 event systems in the scene. Please ensure there is always exactly one event system in the scene
There are 2 event systems in the scene. Please ensure there is always exactly one event system in the scene
There are 2 event systems in the scene. Please ensure there is always exactly one event system in the scene
There are 2 event systems in the scene. Please ensure there is always exactly one event system in the scene
There are 2 event systems in the scene. Please ensure there is always exactly one event system in the scene
There are 2 event systems in the scene. Please ensure there is always exactly one event system in the scene
There are 2 event systems in the scene. Please ensure there is always exactly one event system in the scene
There are 2 event systems in the scene. Please ensure there is always exactly one event system in the scene
There are 2 event systems in the scene. Please ensure there is always exactly one event system in the scene
There are 2 event systems in the scene. Please ensure there is always exactly one event system in the scene
There are 2 event systems in the scene. Please ensure there is always exactly one event system in the scene
There are 2 event systems in the scene. Please ensure there is always exactly one event system in the scene
There are 2 event systems in the scene. Please ensure there is always exactly one event system in the scene
There are 2 event systems in the scene. Please ensure there is always exactly one event system in the scene
There are 2 event systems in the scene. Please ensure there is always exactly one event system in the scene
There are 2 event systems in the scene. Please ensure there is always exactly one event system in the scene
There are 2 event systems in the scene. Please ensure there is always exactly one event system in the scene
There are 2 event systems in the scene. Please ensure there is always exactly one event system in the scene
There are 2 event systems in the scene. Please ensure there is always exactly one event system in the scene
There are 2 event systems in the scene. Please ensure there is always exactly one event system in the scene
There are 2 event systems in the scene. Please ensure there is always exactly one event system in the scene
There are 2 event systems in the scene. Please ensure there is always exactly one event system in the scene
There are 2 event systems in the scene. Please ensure there is always exactly one event system in the scene
There are 2 event systems in the scene. Please ensure there is always exactly one event system in the scene
There are 2 event systems in the scene. Please ensure there is always exactly one event system in the scene
There are 2 event systems in the scene. Please ensure there is always exactly one event system in the scene
There are 2 event systems in the scene. Please ensure there is always exactly one event system in the scene
There are 2 event systems in the scene. Please ensure there is always exactly one event system in the scene
There are 2 event systems in the scene. Please ensure there is always exactly one event system in the scene
There are 2 event systems in the scene. Please ensure there is always exactly one event system in the scene
There are 2 event systems in the scene. Please ensure there is always exactly one event system in the scene
There are 2 event systems in the scene. Please ensure there is always exactly one event system in the scene
There are 2 event systems in the scene. Please ensure there is always exactly one event system in the scene
There are 2 event systems in the scene. Please ensure there is always exactly one event system in the scene
There are 2 event systems in the scene. Please ensure there is always exactly one event system in the scene
There are 2 event systems in the scene. Please ensure there is always exactly one event system in the scene
There are 2 event systems in the scene. Please ensure there is always exactly one event system in the scene
There are 2 event systems in the scene. Please ensure there is always exactly one event system in the scene
There are 2 event systems in the scene. Please ensure there is always exactly one event system in the scene
There are 2 event systems in the scene. Please ensure there is always exactly one event system in the scene
There are 2 event systems in the scene. Please ensure there is always exactly one event system in the scene
There are 2 event systems in the scene. Please ensure there is always exactly one event system in the scene
There are 2 event systems in the scene. Please ensure there is always exactly one event system in the scene
There are 2 event systems in the scene. Please ensure there is always exactly one event system in the scene
There are 2 event systems in the scene. Please ensure there is always exactly one event system in the scene
There are 2 event systems in the scene. Please ensure there is always exactly one event system in the scene
There are 2 event systems in the scene. Please ensure there is always exactly one event system in the scene
There are 2 event systems in the scene. Please ensure there is always exactly one event system in the scene
There are 2 event systems in the scene. Please ensure there is always exactly one event system in the scene
There are 2 event systems in the scene. Please ensure there is always exactly one event system in the scene
There are 2 event systems in the scene. Please ensure there is always exactly one event system in the scene
There are 2 event systems in the scene. Please ensure there is always exactly one event system in the scene
There are 2 event systems in the scene. Please ensure there is always exactly one event system in the scene
There are 2 event systems in the scene. Please ensure there is always exactly one event system in the scene
There are 2 event systems in the scene. Please ensure there is always exactly one event system in the scene
There are 2 event systems in the scene. Please ensure there is always exactly one event system in the scene
There are 2 event systems in the scene. Please ensure there is always exactly one event system in the scene
There are 2 event systems in the scene. Please ensure there is always exactly one event system in the scene
There are 2 event systems in the scene. Please ensure there is always exactly one event system in the scene
There are 2 event systems in the scene. Please ensure there is always exactly one event system in the scene
There are 2 event systems in the scene. Please ensure there is always exactly one event system in the scene
There are 2 event systems in the scene. Please ensure there is always exactly one event system in the scene
There are 2 event systems in the scene. Please ensure there is always exactly one event system in the scene
There are 2 event systems in the scene. Please ensure there is always exactly one event system in the scene
There are 2 event systems in the scene. Please ensure there is always exactly one event system in the scene
There are 2 event systems in the scene. Please ensure there is always exactly one event system in the scene
There are 2 event systems in the scene. Please ensure there is always exactly one event system in the scene
There are 2 event systems in the scene. Please ensure there is always exactly one event system in the scene
There are 2 event systems in the scene. Please ensure there is always exactly one event system in the scene
There are 2 event systems in the scene. Please ensure there is always exactly one event system in the scene
There are 2 event systems in the scene. Please ensure there is always exactly one event system in the scene
There are 2 event systems in the scene. Please ensure there is always exactly one event system in the scene
There are 2 event systems in the scene. Please ensure there is always exactly one event system in the scene
There are 2 event systems in the scene. Please ensure there is always exactly one event system in the scene
There are 2 event systems in the scene. Please ensure there is always exactly one event system in the scene
There are 2 event systems in the scene. Please ensure there is always exactly one event system in the scene
There are 2 event systems in the scene. Please ensure there is always exactly one event system in the scene
There are 2 event systems in the scene. Please ensure there is always exactly one event system in the scene
There are 2 event systems in the scene. Please ensure there is always exactly one event system in the scene
There are 2 event systems in the scene. Please ensure there is always exactly one event system in the scene
There are 2 event systems in the scene. Please ensure there is always exactly one event system in the scene
There are 2 event systems in the scene. Please ensure there is always exactly one event system in the scene
There are 2 event systems in the scene. Please ensure there is always exactly one event system in the scene
There are 2 event systems in the scene. Please ensure there is always exactly one event system in the scene
There are 2 event systems in the scene. Please ensure there is always exactly one event system in the scene
There are 2 event systems in the scene. Please ensure there is always exactly one event system in the scene
There are 2 event systems in the scene. Please ensure there is always exactly one event system in the scene
There are 2 event systems in the scene. Please ensure there is always exactly one event system in the scene
There are 2 event systems in the scene. Please ensure there is always exactly one event system in the scene
There are 2 event systems in the scene. Please ensure there is always exactly one event system in the scene
There are 2 event systems in the scene. Please ensure there is always exactly one event system in the scene
There are 2 event systems in the scene. Please ensure there is always exactly one event system in the scene
There are 2 event systems in the scene. Please ensure there is always exactly one event system in the scene
There are 2 event systems in the scene. Please ensure there is always exactly one event system in the scene
There are 2 event systems in the scene. Please ensure there is always exactly one event system in the scene
There are 2 event systems in the scene. Please ensure there is always exactly one event system in the scene
There are 2 event systems in the scene. Please ensure there is always exactly one event system in the scene
There are 2 event systems in the scene. Please ensure there is always exactly one event system in the scene
There are 2 event systems in the scene. Please ensure there is always exactly one event system in the scene
There are 2 event systems in the scene. Please ensure there is always exactly one event system in the scene
There are 2 event systems in the scene. Please ensure there is always exactly one event system in the scene
There are 2 event systems in the scene. Please ensure there is always exactly one event system in the scene
There are 2 event systems in the scene. Please ensure there is always exactly one event system in the scene
There are 2 event systems in the scene. Please ensure there is always exactly one event system in the scene
There are 2 event systems in the scene. Please ensure there is always exactly one event system in the scene
There are 2 event systems in the scene. Please ensure there is always exactly one event system in the scene
There are 2 event systems in the scene. Please ensure there is always exactly one event system in the scene
There are 2 event systems in the scene. Please ensure there is always exactly one event system in the scene
There are 2 event systems in the scene. Please ensure there is always exactly one event system in the scene
There are 2 event systems in the scene. Please ensure there is always exactly one event system in the scene
There are 2 event systems in the scene. Please ensure there is always exactly one event system in the scene
There are 2 event systems in the scene. Please ensure there is always exactly one event system in the scene
There are 2 event systems in the scene. Please ensure there is always exactly one event system in the scene
There are 2 event systems in the scene. Please ensure there is always exactly one event system in the scene
There are 2 event systems in the scene. Please ensure there is always exactly one event system in the scene
There are 2 event systems in the scene. Please ensure there is always exactly one event system in the scene
There are 2 event systems in the scene. Please ensure there is always exactly one event system in the scene
There are 2 event systems in the scene. Please ensure there is always exactly one event system in the scene
There are 2 event systems in the scene. Please ensure there is always exactly one event system in the scene
There are 2 event systems in the scene. Please ensure there is always exactly one event system in the scene
There are 2 event systems in the scene. Please ensure there is always exactly one event system in the scene
There are 2 event systems in the scene. Please ensure there is always exactly one event system in the scene
There are 2 event systems in the scene. Please ensure there is always exactly one event system in the scene
There are 2 event systems in the scene. Please ensure there is always exactly one event system in the scene
There are 2 event systems in the scene. Please ensure there is always exactly one event system in the scene
There are 2 event systems in the scene. Please ensure there is always exactly one event system in the scene
There are 2 event systems in the scene. Please ensure there is always exactly one event system in the scene
There are 2 event systems in the scene. Please ensure there is always exactly one event system in the scene
There are 2 event systems in the scene. Please ensure there is always exactly one event system in the scene
There are 2 event systems in the scene. Please ensure there is always exactly one event system in the scene
There are 2 event systems in the scene. Please ensure there is always exactly one event system in the scene
There are 2 event systems in the scene. Please ensure there is always exactly one event system in the scene
There are 2 event systems in the scene. Please ensure there is always exactly one event system in the scene
There are 2 event systems in the scene. Please ensure there is always exactly one event system in the scene
There are 2 event systems in the scene. Please ensure there is always exactly one event system in the scene
There are 2 event systems in the scene. Please ensure there is always exactly one event system in the scene
There are 2 event systems in the scene. Please ensure there is always exactly one event system in the scene
There are 2 event systems in the scene. Please ensure there is always exactly one event system in the scene
There are 2 event systems in the scene. Please ensure there is always exactly one event system in the scene
There are 2 event systems in the scene. Please ensure there is always exactly one event system in the scene
There are 2 event systems in the scene. Please ensure there is always exactly one event system in the scene
There are 2 event systems in the scene. Please ensure there is always exactly one event system in the scene
There are 2 event systems in the scene. Please ensure there is always exactly one event system in the scene
There are 2 event systems in the scene. Please ensure there is always exactly one event system in the scene
There are 2 event systems in the scene. Please ensure there is always exactly one event system in the scene
There are 2 event systems in the scene. Please ensure there is always exactly one event system in the scene
There are 2 event systems in the scene. Please ensure there is always exactly one event system in the scene
There are 2 event systems in the scene. Please ensure there is always exactly one event system in the scene
There are 2 event systems in the scene. Please ensure there is always exactly one event system in the scene
There are 2 event systems in the scene. Please ensure there is always exactly one event system in the scene
There are 2 event systems in the scene. Please ensure there is always exactly one event system in the scene
There are 2 event systems in the scene. Please ensure there is always exactly one event system in the scene
There are 2 event systems in the scene. Please ensure there is always exactly one event system in the scene
There are 2 event systems in the scene. Please ensure there is always exactly one event system in the scene
There are 2 event systems in the scene. Please ensure there is always exactly one event system in the scene
There are 2 event systems in the scene. Please ensure there is always exactly one event system in the scene
There are 2 event systems in the scene. Please ensure there is always exactly one event system in the scene
There are 2 event systems in the scene. Please ensure there is always exactly one event system in the scene
There are 2 event systems in the scene. Please ensure there is always exactly one event system in the scene
There are 2 event systems in the scene. Please ensure there is always exactly one event system in the scene
There are 2 event systems in the scene. Please ensure there is always exactly one event system in the scene
There are 2 event systems in the scene. Please ensure there is always exactly one event system in the scene
There are 2 event systems in the scene. Please ensure there is always exactly one event system in the scene
There are 2 event systems in the scene. Please ensure there is always exactly one event system in the scene
There are 2 event systems in the scene. Please ensure there is always exactly one event system in the scene
There are 2 event systems in the scene. Please ensure there is always exactly one event system in the scene
There are 2 event systems in the scene. Please ensure there is always exactly one event system in the scene
There are 2 event systems in the scene. Please ensure there is always exactly one event system in the scene
There are 2 event systems in the scene. Please ensure there is always exactly one event system in the scene
There are 2 event systems in the scene. Please ensure there is always exactly one event system in the scene
There are 2 event systems in the scene. Please ensure there is always exactly one event system in the scene
There are 2 event systems in the scene. Please ensure there is always exactly one event system in the scene
There are 2 event systems in the scene. Please ensure there is always exactly one event system in the scene
There are 2 event systems in the scene. Please ensure there is always exactly one event system in the scene
There are 2 event systems in the scene. Please ensure there is always exactly one event system in the scene
There are 2 event systems in the scene. Please ensure there is always exactly one event system in the scene
There are 2 event systems in the scene. Please ensure there is always exactly one event system in the scene
There are 2 event systems in the scene. Please ensure there is always exactly one event system in the scene
There are 2 event systems in the scene. Please ensure there is always exactly one event system in the scene
There are 2 event systems in the scene. Please ensure there is always exactly one event system in the scene
There are 2 event systems in the scene. Please ensure there is always exactly one event system in the scene
There are 2 event systems in the scene. Please ensure there is always exactly one event system in the scene
There are 2 event systems in the scene. Please ensure there is always exactly one event system in the scene
There are 2 event systems in the scene. Please ensure there is always exactly one event system in the scene
There are 2 event systems in the scene. Please ensure there is always exactly one event system in the scene
There are 2 event systems in the scene. Please ensure there is always exactly one event system in the scene
There are 2 event systems in the scene. Please ensure there is always exactly one event system in the scene
There are 2 event systems in the scene. Please ensure there is always exactly one event system in the scene
There are 2 event systems in the scene. Please ensure there is always exactly one event system in the scene
There are 2 event systems in the scene. Please ensure there is always exactly one event system in the scene
There are 2 event systems in the scene. Please ensure there is always exactly one event system in the scene
There are 2 event systems in the scene. Please ensure there is always exactly one event system in the scene
There are 2 event systems in the scene. Please ensure there is always exactly one event system in the scene
There are 2 event systems in the scene. Please ensure there is always exactly one event system in the scene
There are 2 event systems in the scene. Please ensure there is always exactly one event system in the scene
There are 2 event systems in the scene. Please ensure there is always exactly one event system in the scene
There are 2 event systems in the scene. Please ensure there is always exactly one event system in the scene
There are 2 event systems in the scene. Please ensure there is always exactly one event system in the scene
There are 2 event systems in the scene. Please ensure there is always exactly one event system in the scene
There are 2 event systems in the scene. Please ensure there is always exactly one event system in the scene
There are 2 event systems in the scene. Please ensure there is always exactly one event system in the scene
There are 2 event systems in the scene. Please ensure there is always exactly one event system in the scene
There are 2 event systems in the scene. Please ensure there is always exactly one event system in the scene
There are 2 event systems in the scene. Please ensure there is always exactly one event system in the scene
There are 2 event systems in the scene. Please ensure there is always exactly one event system in the scene
There are 2 event systems in the scene. Please ensure there is always exactly one event system in the scene
There are 2 event systems in the scene. Please ensure there is always exactly one event system in the scene
There are 2 event systems in the scene. Please ensure there is always exactly one event system in the scene
There are 2 event systems in the scene. Please ensure there is always exactly one event system in the scene
There are 2 event systems in the scene. Please ensure there is always exactly one event system in the scene
There are 2 event systems in the scene. Please ensure there is always exactly one event system in the scene
There are 2 event systems in the scene. Please ensure there is always exactly one event system in the scene
There are 2 event systems in the scene. Please ensure there is always exactly one event system in the scene
There are 2 event systems in the scene. Please ensure there is always exactly one event system in the scene
There are 2 event systems in the scene. Please ensure there is always exactly one event system in the scene
There are 2 event systems in the scene. Please ensure there is always exactly one event system in the scene
There are 2 event systems in the scene. Please ensure there is always exactly one event system in the scene
There are 2 event systems in the scene. Please ensure there is always exactly one event system in the scene
There are 2 event systems in the scene. Please ensure there is always exactly one event system in the scene
There are 2 event systems in the scene. Please ensure there is always exactly one event system in the scene
There are 2 event systems in the scene. Please ensure there is always exactly one event system in the scene
There are 2 event systems in the scene. Please ensure there is always exactly one event system in the scene
There are 2 event systems in the scene. Please ensure there is always exactly one event system in the scene
There are 2 event systems in the scene. Please ensure there is always exactly one event system in the scene
There are 2 event systems in the scene. Please ensure there is always exactly one event system in the scene
There are 2 event systems in the scene. Please ensure there is always exactly one event system in the scene
There are 2 event systems in the scene. Please ensure there is always exactly one event system in the scene
There are 2 event systems in the scene. Please ensure there is always exactly one event system in the scene
There are 2 event systems in the scene. Please ensure there is always exactly one event system in the scene
There are 2 event systems in the scene. Please ensure there is always exactly one event system in the scene
There are 2 event systems in the scene. Please ensure there is always exactly one event system in the scene
There are 2 event systems in the scene. Please ensure there is always exactly one event system in the scene
There are 2 event systems in the scene. Please ensure there is always exactly one event system in the scene
There are 2 event systems in the scene. Please ensure there is always exactly one event system in the scene
There are 2 event systems in the scene. Please ensure there is always exactly one event system in the scene
There are 2 event systems in the scene. Please ensure there is always exactly one event system in the scene
There are 2 event systems in the scene. Please ensure there is always exactly one event system in the scene
There are 2 event systems in the scene. Please ensure there is always exactly one event system in the scene
There are 2 event systems in the scene. Please ensure there is always exactly one event system in the scene
There are 2 event systems in the scene. Please ensure there is always exactly one event system in the scene
There are 2 event systems in the scene. Please ensure there is always exactly one event system in the scene
There are 2 event systems in the scene. Please ensure there is always exactly one event system in the scene
There are 2 event systems in the scene. Please ensure there is always exactly one event system in the scene
There are 2 event systems in the scene. Please ensure there is always exactly one event system in the scene
There are 2 event systems in the scene. Please ensure there is always exactly one event system in the scene
There are 2 event systems in the scene. Please ensure there is always exactly one event system in the scene
There are 2 event systems in the scene. Please ensure there is always exactly one event system in the scene
There are 2 event systems in the scene. Please ensure there is always exactly one event system in the scene
There are 2 event systems in the scene. Please ensure there is always exactly one event system in the scene
There are 2 event systems in the scene. Please ensure there is always exactly one event system in the scene
There are 2 event systems in the scene. Please ensure there is always exactly one event system in the scene
There are 2 event systems in the scene. Please ensure there is always exactly one event system in the scene
There are 2 event systems in the scene. Please ensure there is always exactly one event system in the scene
There are 2 event systems in the scene. Please ensure there is always exactly one event system in the scene
There are 2 event systems in the scene. Please ensure there is always exactly one event system in the scene
There are 2 event systems in the scene. Please ensure there is always exactly one event system in the scene
There are 2 event systems in the scene. Please ensure there is always exactly one event system in the scene
There are 2 event systems in the scene. Please ensure there is always exactly one event system in the scene
There are 2 event systems in the scene. Please ensure there is always exactly one event system in the scene
There are 2 event systems in the scene. Please ensure there is always exactly one event system in the scene
There are 2 event systems in the scene. Please ensure there is always exactly one event system in the scene
There are 2 event systems in the scene. Please ensure there is always exactly one event system in the scene
There are 2 event systems in the scene. Please ensure there is always exactly one event system in the scene
There are 2 event systems in the scene. Please ensure there is always exactly one event system in the scene
There are 2 event systems in the scene. Please ensure there is always exactly one event system in the scene
There are 2 event systems in the scene. Please ensure there is always exactly one event system in the scene
There are 2 event systems in the scene. Please ensure there is always exactly one event system in the scene
There are 2 event systems in the scene. Please ensure there is always exactly one event system in the scene
There are 2 event systems in the scene. Please ensure there is always exactly one event system in the scene
There are 2 event systems in the scene. Please ensure there is always exactly one event system in the scene
There are 2 event systems in the scene. Please ensure there is always exactly one event system in the scene
There are 2 event systems in the scene. Please ensure there is always exactly one event system in the scene
There are 2 event systems in the scene. Please ensure there is always exactly one event system in the scene
There are 2 event systems in the scene. Please ensure there is always exactly one event system in the scene
There are 2 event systems in the scene. Please ensure there is always exactly one event system in the scene
There are 2 event systems in the scene. Please ensure there is always exactly one event system in the scene
There are 2 event systems in the scene. Please ensure there is always exactly one event system in the scene
There are 2 event systems in the scene. Please ensure there is always exactly one event system in the scene
There are 2 event systems in the scene. Please ensure there is always exactly one event system in the scene
There are 2 event systems in the scene. Please ensure there is always exactly one event system in the scene
There are 2 event systems in the scene. Please ensure there is always exactly one event system in the scene
There are 2 event systems in the scene. Please ensure there is always exactly one event system in the scene
There are 2 event systems in the scene. Please ensure there is always exactly one event system in the scene
There are 2 event systems in the scene. Please ensure there is always exactly one event system in the scene
There are 2 event systems in the scene. Please ensure there is always exactly one event system in the scene
There are 2 event systems in the scene. Please ensure there is always exactly one event system in the scene
There are 2 event systems in the scene. Please ensure there is always exactly one event system in the scene
There are 2 event systems in the scene. Please ensure there is always exactly one event system in the scene
There are 2 event systems in the scene. Please ensure there is always exactly one event system in the scene
There are 2 event systems in the scene. Please ensure there is always exactly one event system in the scene
There are 2 event systems in the scene. Please ensure there is always exactly one event system in the scene
There are 2 event systems in the scene. Please ensure there is always exactly one event system in the scene
There are 2 event systems in the scene. Please ensure there is always exactly one event system in the scene
There are 2 event systems in the scene. Please ensure there is always exactly one event system in the scene
There are 2 event systems in the scene. Please ensure there is always exactly one event system in the scene
There are 2 event systems in the scene. Please ensure there is always exactly one event system in the scene
There are 2 event systems in the scene. Please ensure there is always exactly one event system in the scene
There are 2 event systems in the scene. Please ensure there is always exactly one event system in the scene
There are 2 event systems in the scene. Please ensure there is always exactly one event system in the scene
There are 2 event systems in the scene. Please ensure there is always exactly one event system in the scene
There are 2 event systems in the scene. Please ensure there is always exactly one event system in the scene
There are 2 event systems in the scene. Please ensure there is always exactly one event system in the scene
There are 2 event systems in the scene. Please ensure there is always exactly one event system in the scene
There are 2 event systems in the scene. Please ensure there is always exactly one event system in the scene
There are 2 event systems in the scene. Please ensure there is always exactly one event system in the scene
There are 2 event systems in the scene. Please ensure there is always exactly one event system in the scene
There are 2 event systems in the scene. Please ensure there is always exactly one event system in the scene
There are 2 event systems in the scene. Please ensure there is always exactly one event system in the scene
There are 2 event systems in the scene. Please ensure there is always exactly one event system in the scene
There are 2 event systems in the scene. Please ensure there is always exactly one event system in the scene
There are 2 event systems in the scene. Please ensure there is always exactly one event system in the scene
There are 2 event systems in the scene. Please ensure there is always exactly one event system in the scene
There are 2 event systems in the scene. Please ensure there is always exactly one event system in the scene
There are 2 event systems in the scene. Please ensure there is always exactly one event system in the scene
There are 2 event systems in the scene. Please ensure there is always exactly one event system in the scene
There are 2 event systems in the scene. Please ensure there is always exactly one event system in the scene
There are 2 event systems in the scene. Please ensure there is always exactly one event system in the scene
There are 2 event systems in the scene. Please ensure there is always exactly one event system in the scene
There are 2 event systems in the scene. Please ensure there is always exactly one event system in the scene
There are 2 event systems in the scene. Please ensure there is always exactly one event system in the scene
There are 2 event systems in the scene. Please ensure there is always exactly one event system in the scene
There are 2 event systems in the scene. Please ensure there is always exactly one event system in the scene
There are 2 event systems in the scene. Please ensure there is always exactly one event system in the scene
There are 2 event systems in the scene. Please ensure there is always exactly one event system in the scene
There are 2 event systems in the scene. Please ensure there is always exactly one event system in the scene
There are 2 event systems in the scene. Please ensure there is always exactly one event system in the scene
There are 2 event systems in the scene. Please ensure there is always exactly one event system in the scene
There are 2 event systems in the scene. Please ensure there is always exactly one event system in the scene
There are 2 event systems in the scene. Please ensure there is always exactly one event system in the scene
There are 2 event systems in the scene. Please ensure there is always exactly one event system in the scene
There are 2 event systems in the scene. Please ensure there is always exactly one event system in the scene
There are 2 event systems in the scene. Please ensure there is always exactly one event system in the scene
There are 2 event systems in the scene. Please ensure there is always exactly one event system in the scene
There are 2 event systems in the scene. Please ensure there is always exactly one event system in the scene
There are 2 event systems in the scene. Please ensure there is always exactly one event system in the scene
There are 2 event systems in the scene. Please ensure there is always exactly one event system in the scene
There are 2 event systems in the scene. Please ensure there is always exactly one event system in the scene
There are 2 event systems in the scene. Please ensure there is always exactly one event system in the scene
There are 2 event systems in the scene. Please ensure there is always exactly one event system in the scene
There are 2 event systems in the scene. Please ensure there is always exactly one event system in the scene
There are 2 event systems in the scene. Please ensure there is always exactly one event system in the scene
There are 2 event systems in the scene. Please ensure there is always exactly one event system in the scene
There are 2 event systems in the scene. Please ensure there is always exactly one event system in the scene
There are 2 event systems in the scene. Please ensure there is always exactly one event system in the scene
There are 2 event systems in the scene. Please ensure there is always exactly one event system in the scene
There are 2 event systems in the scene. Please ensure there is always exactly one event system in the scene
There are 2 event systems in the scene. Please ensure there is always exactly one event system in the scene
There are 2 event systems in the scene. Please ensure there is always exactly one event system in the scene
There are 2 event systems in the scene. Please ensure there is always exactly one event system in the scene
There are 2 event systems in the scene. Please ensure there is always exactly one event system in the scene
There are 2 event systems in the scene. Please ensure there is always exactly one event system in the scene
There are 2 event systems in the scene. Please ensure there is always exactly one event system in the scene
There are 2 event systems in the scene. Please ensure there is always exactly one event system in the scene
There are 2 event systems in the scene. Please ensure there is always exactly one event system in the scene
There are 2 event systems in the scene. Please ensure there is always exactly one event system in the scene
There are 2 event systems in the scene. Please ensure there is always exactly one event system in the scene
There are 2 event systems in the scene. Please ensure there is always exactly one event system in the scene
There are 2 event systems in the scene. Please ensure there is always exactly one event system in the scene
There are 2 event systems in the scene. Please ensure there is always exactly one event system in the scene
There are 2 event systems in the scene. Please ensure there is always exactly one event system in the scene
There are 2 event systems in the scene. Please ensure there is always exactly one event system in the scene
There are 2 event systems in the scene. Please ensure there is always exactly one event system in the scene
There are 2 event systems in the scene. Please ensure there is always exactly one event system in the scene
There are 2 event systems in the scene. Please ensure there is always exactly one event system in the scene
There are 2 event systems in the scene. Please ensure there is always exactly one event system in the scene
There are 2 event systems in the scene. Please ensure there is always exactly one event system in the scene
There are 2 event systems in the scene. Please ensure there is always exactly one event system in the scene
There are 2 event systems in the scene. Please ensure there is always exactly one event system in the scene
There are 2 event systems in the scene. Please ensure there is always exactly one event system in the scene
There are 2 event systems in the scene. Please ensure there is always exactly one event system in the scene
There are 2 event systems in the scene. Please ensure there is always exactly one event system in the scene
There are 2 event systems in the scene. Please ensure there is always exactly one event system in the scene
There are 2 event systems in the scene. Please ensure there is always exactly one event system in the scene
There are 2 event systems in the scene. Please ensure there is always exactly one event system in the scene
There are 2 event systems in the scene. Please ensure there is always exactly one event system in the scene
There are 2 event systems in the scene. Please ensure there is always exactly one event system in the scene
There are 2 event systems in the scene. Please ensure there is always exactly one event system in the scene
There are 2 event systems in the scene. Please ensure there is always exactly one event system in the scene
There are 2 event systems in the scene. Please ensure there is always exactly one event system in the scene
There are 2 event systems in the scene. Please ensure there is always exactly one event system in the scene
There are 2 event systems in the scene. Please ensure there is always exactly one event system in the scene
There are 2 event systems in the scene. Please ensure there is always exactly one event system in the scene
There are 2 event systems in the scene. Please ensure there is always exactly one event system in the scene
There are 2 event systems in the scene. Please ensure there is always exactly one event system in the scene
There are 2 event systems in the scene. Please ensure there is always exactly one event system in the scene
There are 2 event systems in the scene. Please ensure there is always exactly one event system in the scene
There are 2 event systems in the scene. Please ensure there is always exactly one event system in the scene
There are 2 event systems in the scene. Please ensure there is always exactly one event system in the scene
There are 2 event systems in the scene. Please ensure there is always exactly one event system in the scene
There are 2 event systems in the scene. Please ensure there is always exactly one event system in the scene
There are 2 event systems in the scene. Please ensure there is always exactly one event system in the scene
There are 2 event systems in the scene. Please ensure there is always exactly one event system in the scene
There are 2 event systems in the scene. Please ensure there is always exactly one event system in the scene
There are 2 event systems in the scene. Please ensure there is always exactly one event system in the scene
There are 2 event systems in the scene. Please ensure there is always exactly one event system in the scene
There are 2 event systems in the scene. Please ensure there is always exactly one event system in the scene
There are 2 event systems in the scene. Please ensure there is always exactly one event system in the scene
There are 2 event systems in the scene. Please ensure there is always exactly one event system in the scene
There are 2 event systems in the scene. Please ensure there is always exactly one event system in the scene
There are 2 event systems in the scene. Please ensure there is always exactly one event system in the scene
There are 2 event systems in the scene. Please ensure there is always exactly one event system in the scene
There are 2 event systems in the scene. Please ensure there is always exactly one event system in the scene
There are 2 event systems in the scene. Please ensure there is always exactly one event system in the scene
There are 2 event systems in the scene. Please ensure there is always exactly one event system in the scene
There are 2 event systems in the scene. Please ensure there is always exactly one event system in the scene
There are 2 event systems in the scene. Please ensure there is always exactly one event system in the scene
There are 2 event systems in the scene. Please ensure there is always exactly one event system in the scene
There are 2 event systems in the scene. Please ensure there is always exactly one event system in the scene
There are 2 event systems in the scene. Please ensure there is always exactly one event system in the scene
There are 2 event systems in the scene. Please ensure there is always exactly one event system in the scene
There are 2 event systems in the scene. Please ensure there is always exactly one event system in the scene
There are 2 event systems in the scene. Please ensure there is always exactly one event system in the scene
There are 2 event systems in the scene. Please ensure there is always exactly one event system in the scene
There are 2 event systems in the scene. Please ensure there is always exactly one event system in the scene
There are 2 event systems in the scene. Please ensure there is always exactly one event system in the scene
There are 2 event systems in the scene. Please ensure there is always exactly one event system in the scene
There are 2 event systems in the scene. Please ensure there is always exactly one event system in the scene
There are 2 event systems in the scene. Please ensure there is always exactly one event system in the scene
There are 2 event systems in the scene. Please ensure there is always exactly one event system in the scene
There are 2 event systems in the scene. Please ensure there is always exactly one event system in the scene
There are 2 event systems in the scene. Please ensure there is always exactly one event system in the scene
There are 2 event systems in the scene. Please ensure there is always exactly one event system in the scene
There are 2 event systems in the scene. Please ensure there is always exactly one event system in the scene
There are 2 event systems in the scene. Please ensure there is always exactly one event system in the scene
There are 2 event systems in the scene. Please ensure there is always exactly one event system in the scene
There are 2 event systems in the scene. Please ensure there is always exactly one event system in the scene
There are 2 event systems in the scene. Please ensure there is always exactly one event system in the scene
There are 2 event systems in the scene. Please ensure there is always exactly one event system in the scene
There are 2 event systems in the scene. Please ensure there is always exactly one event system in the scene
There are 2 event systems in the scene. Please ensure there is always exactly one event system in the scene
There are 2 event systems in the scene. Please ensure there is always exactly one event system in the scene
There are 2 event systems in the scene. Please ensure there is always exactly one event system in the scene
There are 2 event systems in the scene. Please ensure there is always exactly one event system in the scene
There are 2 event systems in the scene. Please ensure there is always exactly one event system in the scene
There are 2 event systems in the scene. Please ensure there is always exactly one event system in the scene
There are 2 event systems in the scene. Please ensure there is always exactly one event system in the scene
There are 2 event systems in the scene. Please ensure there is always exactly one event system in the scene
There are 2 event systems in the scene. Please ensure there is always exactly one event system in the scene
There are 2 event systems in the scene. Please ensure there is always exactly one event system in the scene
There are 2 event systems in the scene. Please ensure there is always exactly one event system in the scene
There are 2 event systems in the scene. Please ensure there is always exactly one event system in the scene
There are 2 event systems in the scene. Please ensure there is always exactly one event system in the scene
There are 2 event systems in the scene. Please ensure there is always exactly one event system in the scene
There are 2 event systems in the scene. Please ensure there is always exactly one event system in the scene
There are 2 event systems in the scene. Please ensure there is always exactly one event system in the scene
There are 2 event systems in the scene. Please ensure there is always exactly one event system in the scene
There are 2 event systems in the scene. Please ensure there is always exactly one event system in the scene
There are 2 event systems in the scene. Please ensure there is always exactly one event system in the scene
There are 2 event systems in the scene. Please ensure there is always exactly one event system in the scene
There are 2 event systems in the scene. Please ensure there is always exactly one event system in the scene
There are 2 event systems in the scene. Please ensure there is always exactly one event system in the scene
There are 2 event systems in the scene. Please ensure there is always exactly one event system in the scene
There are 2 event systems in the scene. Please ensure there is always exactly one event system in the scene
There are 2 event systems in the scene. Please ensure there is always exactly one event system in the scene
There are 2 event systems in the scene. Please ensure there is always exactly one event system in the scene
There are 2 event systems in the scene. Please ensure there is always exactly one event system in the scene
There are 2 event systems in the scene. Please ensure there is always exactly one event system in the scene
There are 2 event systems in the scene. Please ensure there is always exactly one event system in the scene
There are 2 event systems in the scene. Please ensure there is always exactly one event system in the scene
There are 2 event systems in the scene. Please ensure there is always exactly one event system in the scene
There are 2 event systems in the scene. Please ensure there is always exactly one event system in the scene
There are 2 event systems in the scene. Please ensure there is always exactly one event system in the scene
There are 2 event systems in the scene. Please ensure there is always exactly one event system in the scene
There are 2 event systems in the scene. Please ensure there is always exactly one event system in the scene
There are 2 event systems in the scene. Please ensure there is always exactly one event system in the scene
There are 2 event systems in the scene. Please ensure there is always exactly one event system in the scene
There are 2 event systems in the scene. Please ensure there is always exactly one event system in the scene
There are 2 event systems in the scene. Please ensure there is always exactly one event system in the scene
There are 2 event systems in the scene. Please ensure there is always exactly one event system in the scene
There are 2 event systems in the scene. Please ensure there is always exactly one event system in the scene
There are 2 event systems in the scene. Please ensure there is always exactly one event system in the scene
There are 2 event systems in the scene. Please ensure there is always exactly one event system in the scene
There are 2 event systems in the scene. Please ensure there is always exactly one event system in the scene
There are 2 event systems in the scene. Please ensure there is always exactly one event system in the scene
There are 2 event systems in the scene. Please ensure there is always exactly one event system in the scene
There are 2 event systems in the scene. Please ensure there is always exactly one event system in the scene
There are 2 event systems in the scene. Please ensure there is always exactly one event system in the scene
There are 2 event systems in the scene. Please ensure there is always exactly one event system in the scene
There are 2 event systems in the scene. Please ensure there is always exactly one event system in the scene
There are 2 event systems in the scene. Please ensure there is always exactly one event system in the scene
There are 2 event systems in the scene. Please ensure there is always exactly one event system in the scene
There are 2 event systems in the scene. Please ensure there is always exactly one event system in the scene
There are 2 event systems in the scene. Please ensure there is always exactly one event system in the scene
There are 2 event systems in the scene. Please ensure there is always exactly one event system in the scene
There are 2 event systems in the scene. Please ensure there is always exactly one event system in the scene
There are 2 event systems in the scene. Please ensure there is always exactly one event system in the scene
There are 2 event systems in the scene. Please ensure there is always exactly one event system in the scene
There are 2 event systems in the scene. Please ensure there is always exactly one event system in the scene
There are 2 event systems in the scene. Please ensure there is always exactly one event system in the scene
There are 2 event systems in the scene. Please ensure there is always exactly one event system in the scene
There are 2 event systems in the scene. Please ensure there is always exactly one event system in the scene
There are 2 event systems in the scene. Please ensure there is always exactly one event system in the scene
There are 2 event systems in the scene. Please ensure there is always exactly one event system in the scene
There are 2 event systems in the scene. Please ensure there is always exactly one event system in the scene
There are 2 event systems in the scene. Please ensure there is always exactly one event system in the scene
There are 2 event systems in the scene. Please ensure there is always exactly one event system in the scene
There are 2 event systems in the scene. Please ensure there is always exactly one event system in the scene
There are 2 event systems in the scene. Please ensure there is always exactly one event system in the scene
There are 2 event systems in the scene. Please ensure there is always exactly one event system in the scene
There are 2 event systems in the scene. Please ensure there is always exactly one event system in the scene
There are 2 event systems in the scene. Please ensure there is always exactly one event system in the scene
There are 2 event systems in the scene. Please ensure there is always exactly one event system in the scene
There are 2 event systems in the scene. Please ensure there is always exactly one event system in the scene
There are 2 event systems in the scene. Please ensure there is always exactly one event system in the scene
There are 2 event systems in the scene. Please ensure there is always exactly one event system in the scene
There are 2 event systems in the scene. Please ensure there is always exactly one event system in the scene
There are 2 event systems in the scene. Please ensure there is always exactly one event system in the scene
There are 2 event systems in the scene. Please ensure there is always exactly one event system in the scene
There are 2 event systems in the scene. Please ensure there is always exactly one event system in the scene
There are 2 event systems in the scene. Please ensure there is always exactly one event system in the scene
There are 2 event systems in the scene. Please ensure there is always exactly one event system in the scene
There are 2 event systems in the scene. Please ensure there is always exactly one event system in the scene
There are 2 event systems in the scene. Please ensure there is always exactly one event system in the scene
There are 2 event systems in the scene. Please ensure there is always exactly one event system in the scene
There are 2 event systems in the scene. Please ensure there is always exactly one event system in the scene
There are 2 event systems in the scene. Please ensure there is always exactly one event system in the scene
There are 2 event systems in the scene. Please ensure there is always exactly one event system in the scene
There are 2 event systems in the scene. Please ensure there is always exactly one event system in the scene
There are 2 event systems in the scene. Please ensure there is always exactly one event system in the scene
There are 2 event systems in the scene. Please ensure there is always exactly one event system in the scene
There are 2 event systems in the scene. Please ensure there is always exactly one event system in the scene
There are 2 event systems in the scene. Please ensure there is always exactly one event system in the scene
There are 2 event systems in the scene. Please ensure there is always exactly one event system in the scene
There are 2 event systems in the scene. Please ensure there is always exactly one event system in the scene
There are 2 event systems in the scene. Please ensure there is always exactly one event system in the scene
There are 2 event systems in the scene. Please ensure there is always exactly one event system in the scene
There are 2 event systems in the scene. Please ensure there is always exactly one event system in the scene
There are 2 event systems in the scene. Please ensure there is always exactly one event system in the scene
There are 2 event systems in the scene. Please ensure there is always exactly one event system in the scene
There are 2 event systems in the scene. Please ensure there is always exactly one event system in the scene
There are 2 event systems in the scene. Please ensure there is always exactly one event system in the scene
There are 2 event systems in the scene. Please ensure there is always exactly one event system in the scene
There are 2 event systems in the scene. Please ensure there is always exactly one event system in the scene
There are 2 event systems in the scene. Please ensure there is always exactly one event system in the scene
There are 2 event systems in the scene. Please ensure there is always exactly one event system in the scene
There are 2 event systems in the scene. Please ensure there is always exactly one event system in the scene
There are 2 event systems in the scene. Please ensure there is always exactly one event system in the scene
There are 2 event systems in the scene. Please ensure there is always exactly one event system in the scene
There are 2 event systems in the scene. Please ensure there is always exactly one event system in the scene
There are 2 event systems in the scene. Please ensure there is always exactly one event system in the scene
There are 2 event systems in the scene. Please ensure there is always exactly one event system in the scene
There are 2 event systems in the scene. Please ensure there is always exactly one event system in the scene
There are 2 event systems in the scene. Please ensure there is always exactly one event system in the scene
There are 2 event systems in the scene. Please ensure there is always exactly one event system in the scene
There are 2 event systems in the scene. Please ensure there is always exactly one event system in the scene
There are 2 event systems in the scene. Please ensure there is always exactly one event system in the scene
There are 2 event systems in the scene. Please ensure there is always exactly one event system in the scene
There are 2 event systems in the scene. Please ensure there is always exactly one event system in the scene
There are 2 event systems in the scene. Please ensure there is always exactly one event system in the scene
There are 2 event systems in the scene. Please ensure there is always exactly one event system in the scene
There are 2 event systems in the scene. Please ensure there is always exactly one event system in the scene
There are 2 event systems in the scene. Please ensure there is always exactly one event system in the scene
There are 2 event systems in the scene. Please ensure there is always exactly one event system in the scene
There are 2 event systems in the scene. Please ensure there is always exactly one event system in the scene
There are 2 event systems in the scene. Please ensure there is always exactly one event system in the scene
There are 2 event systems in the scene. Please ensure there is always exactly one event system in the scene
There are 2 event systems in the scene. Please ensure there is always exactly one event system in the scene
There are 2 event systems in the scene. Please ensure there is always exactly one event system in the scene
There are 2 event systems in the scene. Please ensure there is always exactly one event system in the scene
There are 2 event systems in the scene. Please ensure there is always exactly one event system in the scene
There are 2 event systems in the scene. Please ensure there is always exactly one event system in the scene
There are 2 event systems in the scene. Please ensure there is always exactly one event system in the scene
There are 2 event systems in the scene. Please ensure there is always exactly one event system in the scene
There are 2 event systems in the scene. Please ensure there is always exactly one event system in the scene
There are 2 event systems in the scene. Please ensure there is always exactly one event system in the scene
There are 2 event systems in the scene. Please ensure there is always exactly one event system in the scene
There are 2 event systems in the scene. Please ensure there is always exactly one event system in the scene
There are 2 event systems in the scene. Please ensure there is always exactly one event system in the scene
There are 2 event systems in the scene. Please ensure there is always exactly one event system in the scene
There are 2 event systems in the scene. Please ensure there is always exactly one event system in the scene
There are 2 event systems in the scene. Please ensure there is always exactly one event system in the scene
There are 2 event systems in the scene. Please ensure there is always exactly one event system in the scene
There are 2 event systems in the scene. Please ensure there is always exactly one event system in the scene
There are 2 event systems in the scene. Please ensure there is always exactly one event system in the scene
There are 2 event systems in the scene. Please ensure there is always exactly one event system in the scene
There are 2 event systems in the scene. Please ensure there is always exactly one event system in the scene
There are 2 event systems in the scene. Please ensure there is always exactly one event system in the scene
There are 2 event systems in the scene. Please ensure there is always exactly one event system in the scene
There are 2 event systems in the scene. Please ensure there is always exactly one event system in the scene
There are 2 event systems in the scene. Please ensure there is always exactly one event system in the scene
There are 2 event systems in the scene. Please ensure there is always exactly one event system in the scene
There are 2 event systems in the scene. Please ensure there is always exactly one event system in the scene
There are 2 event systems in the scene. Please ensure there is always exactly one event system in the scene
There are 2 event systems in the scene. Please ensure there is always exactly one event system in the scene
There are 2 event systems in the scene. Please ensure there is always exactly one event system in the scene
There are 2 event systems in the scene. Please ensure there is always exactly one event system in the scene
There are 2 event systems in the scene. Please ensure there is always exactly one event system in the scene
There are 2 event systems in the scene. Please ensure there is always exactly one event system in the scene
There are 2 event systems in the scene. Please ensure there is always exactly one event system in the scene
There are 2 event systems in the scene. Please ensure there is always exactly one event system in the scene
There are 2 event systems in the scene. Please ensure there is always exactly one event system in the scene
There are 2 event systems in the scene. Please ensure there is always exactly one event system in the scene
There are 2 event systems in the scene. Please ensure there is always exactly one event system in the scene
There are 2 event systems in the scene. Please ensure there is always exactly one event system in the scene
There are 2 event systems in the scene. Please ensure there is always exactly one event system in the scene
There are 2 event systems in the scene. Please ensure there is always exactly one event system in the scene
There are 2 event systems in the scene. Please ensure there is always exactly one event system in the scene
There are 2 event systems in the scene. Please ensure there is always exactly one event system in the scene
There are 2 event systems in the scene. Please ensure there is always exactly one event system in the scene
There are 2 event systems in the scene. Please ensure there is always exactly one event system in the scene
There are 2 event systems in the scene. Please ensure there is always exactly one event system in the scene
There are 2 event systems in the scene. Please ensure there is always exactly one event system in the scene
There are 2 event systems in the scene. Please ensure there is always exactly one event system in the scene
There are 2 event systems in the scene. Please ensure there is always exactly one event system in the scene
There are 2 event systems in the scene. Please ensure there is always exactly one event system in the scene
There are 2 event systems in the scene. Please ensure there is always exactly one event system in the scene
There are 2 event systems in the scene. Please ensure there is always exactly one event system in the scene
There are 2 event systems in the scene. Please ensure there is always exactly one event system in the scene
There are 2 event systems in the scene. Please ensure there is always exactly one event system in the scene
There are 2 event systems in the scene. Please ensure there is always exactly one event system in the scene
There are 2 event systems in the scene. Please ensure there is always exactly one event system in the scene
There are 2 event systems in the scene. Please ensure there is always exactly one event system in the scene
There are 2 event systems in the scene. Please ensure there is always exactly one event system in the scene
There are 2 event systems in the scene. Please ensure there is always exactly one event system in the scene
There are 2 event systems in the scene. Please ensure there is always exactly one event system in the scene
There are 2 event systems in the scene. Please ensure there is always exactly one event system in the scene
There are 2 event systems in the scene. Please ensure there is always exactly one event system in the scene
There are 2 event systems in the scene. Please ensure there is always exactly one event system in the scene
There are 2 event systems in the scene. Please ensure there is always exactly one event system in the scene
There are 2 event systems in the scene. Please ensure there is always exactly one event system in the scene
There are 2 event systems in the scene. Please ensure there is always exactly one event system in the scene
There are 2 event systems in the scene. Please ensure there is always exactly one event system in the scene
There are 2 event systems in the scene. Please ensure there is always exactly one event system in the scene
There are 2 event systems in the scene. Please ensure there is always exactly one event system in the scene
[...]
There are 2 event systems in the scene. Please ensure there is always exactly one event system in the scene
There are 2 event systems in the scene. Please ensure there is always exactly one event system in the scene
There are 2 event systems in the scene. Please ensure there is always exactly one event system in the scene
There are 2 event systems in the scene. Please ensure there is always exactly one event system in the scene
There are 2 event systems in the scene. Please ensure there is always exactly one event system in the scene
There are 2 event systems in the scene. Please ensure there is always exactly one event system in the scene
There are 2 event systems in the scene. Please ensure there is always exactly one event system in the scene
There are 2 event systems in the scene. Please ensure there is always exactly one event system in the scene
There are 2 event systems in the scene. Please ensure there is always exactly one event system in the scene
There are 2 event systems in the scene. Please ensure there is always exactly one event system in the scene
There are 2 event systems in the scene. Please ensure there is always exactly one event system in the scene
There are 2 event systems in the scene. Please ensure there is always exactly one event system in the scene
There are 2 event systems in the scene. Please ensure there is always exactly one event system in the scene
There are 2 event systems in the scene. Please ensure there is always exactly one event system in the scene
There are 2 event systems in the scene. Please ensure there is always exactly one event system in the scene
There are 2 event systems in the scene. Please ensure there is always exactly one event system in the scene
There are 2 event systems in the scene. Please ensure there is always exactly one event system in the scene
There are 2 event systems in the scene. Please ensure there is always exactly one event system in the scene
There are 2 event systems in the scene. Please ensure there is always exactly one event system in the scene
There are 2 event systems in the scene. Please ensure there is always exactly one event system in the scene
There are 2 event systems in the scene. Please ensure there is always exactly one event system in the scene
There are 2 event systems in the scene. Please ensure there is always exactly one event system in the scene
There are 2 event systems in the scene. Please ensure there is always exactly one event system in the scene
There are 2 event systems in the scene. Please ensure there is always exactly one event system in the scene
There are 2 event systems in the scene. Please ensure there is always exactly one event system in the scene
There are 2 event systems in the scene. Please ensure there is always exactly one event system in the scene
There are 2 event systems in the scene. Please ensure there is always exactly one event system in the scene
There are 2 event systems in the scene. Please ensure there is always exactly one event system in the scene
There are 2 event systems in the scene. Please ensure there is always exactly one event system in the scene
There are 2 event systems in the scene. Please ensure there is always exactly one event system in the scene
There are 2 event systems in the scene. Please ensure there is always exactly one event system in the scene
There are 2 event systems in the scene. Please ensure there is always exactly one event system in the scene
There are 2 event systems in the scene. Please ensure there is always exactly one event system in the scene
There are 2 event systems in the scene. Please ensure there is always exactly one event system in the scene
There are 2 event systems in the scene. Please ensure there is always exactly one event system in the scene
There are 2 event systems in the scene. Please ensure there is always exactly one event system in the scene
There are 2 event systems in the scene. Please ensure there is always exactly one event system in the scene
There are 2 event systems in the scene. Please ensure there is always exactly one event system in the scene
There are 2 event systems in the scene. Please ensure there is always exactly one event system in the scene
There are 2 event systems in the scene. Please ensure there is always exactly one event system in the scene
There are 2 event systems in the scene. Please ensure there is always exactly one event system in the scene
There are 2 event systems in the scene. Please ensure there is always exactly one event system in the scene
There are 2 event systems in the scene. Please ensure there is always exactly one event system in the scene
There are 2 event systems in the scene. Please ensure there is always exactly one event system in the scene
There are 2 event systems in the scene. Please ensure there is always exactly one event system in the scene
There are 2 event systems in the scene. Please ensure there is always exactly one event system in the scene
There are 2 event systems in the scene. Please ensure there is always exactly one event system in the scene
There are 2 event systems in the scene. Please ensure there is always exactly one event system in the scene
There are 2 event systems in the scene. Please ensure there is always exactly one event system in the scene
There are 2 event systems in the scene. Please ensure there is always exactly one event system in the scene
There are 2 event systems in the scene. Please ensure there is always exactly one event system in the scene
There are 2 event systems in the scene. Please ensure there is always exactly one event system in the scene
There are 2 event systems in the scene. Please ensure there is always exactly one event system in the scene
There are 2 event systems in the scene. Please ensure there is always exactly one event system in the scene
There are 2 event systems in the scene. Please ensure there is always exactly one event system in the scene
There are 2 event systems in the scene. Please ensure there is always exactly one event system in the scene
There are 2 event systems in the scene. Please ensure there is always exactly one event system in the scene
There are 2 event systems in the scene. Please ensure there is always exactly one event system in the scene
There are 2 event systems in the scene. Please ensure there is always exactly one event system in the scene
There are 2 event systems in the scene. Please ensure there is always exactly one event system in the scene
There are 2 event systems in the scene. Please ensure there is always exactly one event system in the scene
There are 2 event systems in the scene. Please ensure there is always exactly one event system in the scene
There are 2 event systems in the scene. Please ensure there is always exactly one event system in the scene
There are 2 event systems in the scene. Please ensure there is always exactly one event system in the scene
There are 2 event systems in the scene. Please ensure there is always exactly one event system in the scene
There are 2 event systems in the scene. Please ensure there is always exactly one event system in the scene
There are 2 event systems in the scene. Please ensure there is always exactly one event system in the scene
There are 2 event systems in the scene. Please ensure there is always exactly one event system in the scene
There are 2 event systems in the scene. Please ensure there is always exactly one event system in the scene
There are 2 event systems in the scene. Please ensure there is always exactly one event system in the scene
There are 2 event systems in the scene. Please ensure there is always exactly one event system in the scene
There are 2 event systems in the scene. Please ensure there is always exactly one event system in the scene
There are 2 event systems in the scene. Please ensure there is always exactly one event system in the scene
There are 2 event systems in the scene. Please ensure there is always exactly one event system in the scene
There are 2 event systems in the scene. Please ensure there is always exactly one event system in the scene
There are 2 event systems in the scene. Please ensure there is always exactly one event system in the scene
There are 2 event systems in the scene. Please ensure there is always exactly one event system in the scene
There are 2 event systems in the scene. Please ensure there is always exactly one event system in the scene
There are 2 event systems in the scene. Please ensure there is always exactly one event system in the scene
There are 2 event systems in the scene. Please ensure there is always exactly one event system in the scene
There are 2 event systems in the scene. Please ensure there is always exactly one event system in the scene
There are 2 event systems in the scene. Please ensure there is always exactly one event system in the scene
There are 2 event systems in the scene. Please ensure there is always exactly one event system in the scene
There are 2 event systems in the scene. Please ensure there is always exactly one event system in the scene
There are 2 event systems in the scene. Please ensure there is always exactly one event system in the scene
There are 2 event systems in the scene. Please ensure there is always exactly one event system in the scene
There are 2 event systems in the scene. Please ensure there is always exactly one event system in the scene
There are 2 event systems in the scene. Please ensure there is always exactly one event system in the scene
There are 2 event systems in the scene. Please ensure there is always exactly one event system in the scene
There are 2 event systems in the scene. Please ensure there is always exactly one event system in the scene
There are 2 event systems in the scene. Please ensure there is always exactly one event system in the scene
There are 2 event systems in the scene. Please ensure there is always exactly one event system in the scene
There are 2 event systems in the scene. Please ensure there is always exactly one event system in the scene
There are 2 event systems in the scene. Please ensure there is always exactly one event system in the scene
There are 2 event systems in the scene. Please ensure there is always exactly one event system in the scene
There are 2 event systems in the scene. Please ensure there is always exactly one event system in the scene
There are 2 event systems in the scene. Please ensure there is always exactly one event system in the scene
There are 2 event systems in the scene. Please ensure there is always exactly one event system in the scene
There are 2 event systems in the scene. Please ensure there is always exactly one event system in the scene
There are 2 event systems in the scene. Please ensure there is always exactly one event system in the scene
There are 2 event systems in the scene. Please ensure there is always exactly one event system in the scene
There are 2 event systems in the scene. Please ensure there is always exactly one event system in the scene
There are 2 event systems in the scene. Please ensure there is always exactly one event system in the scene
There are 2 event systems in the scene. Please ensure there is always exactly one event system in the scene
There are 2 event systems in the scene. Please ensure there is always exactly one event system in the scene
There are 2 event systems in the scene. Please ensure there is always exactly one event system in the scene
There are 2 event systems in the scene. Please ensure there is always exactly one event system in the scene
There are 2 event systems in the scene. Please ensure there is always exactly one event system in the scene
There are 2 event systems in the scene. Please ensure there is always exactly one event system in the scene
There are 2 event systems in the scene. Please ensure there is always exactly one event system in the scene
There are 2 event systems in the scene. Please ensure there is always exactly one event system in the scene
There are 2 event systems in the scene. Please ensure there is always exactly one event system in the scene
There are 2 event systems in the scene. Please ensure there is always exactly one event system in the scene
There are 2 event systems in the scene. Please ensure there is always exactly one event system in the scene
There are 2 event systems in the scene. Please ensure there is always exactly one event system in the scene
There are 2 event systems in the scene. Please ensure there is always exactly one event system in the scene
There are 2 event systems in the scene. Please ensure there is always exactly one event system in the scene
There are 2 event systems in the scene. Please ensure there is always exactly one event system in the scene
There are 2 event systems in the scene. Please ensure there is always exactly one event system in the scene
There are 2 event systems in the scene. Please ensure there is always exactly one event system in the scene
There are 2 event systems in the scene. Please ensure there is always exactly one event system in the scene
There are 2 event systems in the scene. Please ensure there is always exactly one event system in the scene
There are 2 event systems in the scene. Please ensure there is always exactly one event system in the scene
There are 2 event systems in the scene. Please ensure there is always exactly one event system in the scene
There are 2 event systems in the scene. Please ensure there is always exactly one event system in the scene
There are 2 event systems in the scene. Please ensure there is always exactly one event system in the scene
There are 2 event systems in the scene. Please ensure there is always exactly one event system in the scene
There are 2 event systems in the scene. Please ensure there is always exactly one event system in the scene
There are 2 event systems in the scene. Please ensure there is always exactly one event system in the scene
There are 2 event systems in the scene. Please ensure there is always exactly one event system in the scene
There are 2 event systems in the scene. Please ensure there is always exactly one event system in the scene
There are 2 event systems in the scene. Please ensure there is always exactly one event system in the scene
There are 2 event systems in the scene. Please ensure there is always exactly one event system in the scene
There are 2 event systems in the scene. Please ensure there is always exactly one event system in the scene
There are 2 event systems in the scene. Please ensure there is always exactly one event system in the scene
There are 2 event systems in the scene. Please ensure there is always exactly one event system in the scene
There are 2 event systems in the scene. Please ensure there is always exactly one event system in the scene
There are 2 event systems in the scene. Please ensure there is always exactly one event system in the scene
There are 2 event systems in the scene. Please ensure there is always exactly one event system in the scene
There are 2 event systems in the scene. Please ensure there is always exactly one event system in the scene
There are 2 event systems in the scene. Please ensure there is always exactly one event system in the scene
There are 2 event systems in the scene. Please ensure there is always exactly one event system in the scene
There are 2 event systems in the scene. Please ensure there is always exactly one event system in the scene
There are 2 event systems in the scene. Please ensure there is always exactly one event system in the scene
There are 2 event systems in the scene. Please ensure there is always exactly one event system in the scene
There are 2 event systems in the scene. Please ensure there is always exactly one event system in the scene
There are 2 event systems in the scene. Please ensure there is always exactly one event system in the scene
There are 2 event systems in the scene. Please ensure there is always exactly one event system in the scene
There are 2 event systems in the scene. Please ensure there is always exactly one event system in the scene
There are 2 event systems in the scene. Please ensure there is always exactly one event system in the scene
There are 2 event systems in the scene. Please ensure there is always exactly one event system in the scene
There are 2 event systems in the scene. Please ensure there is always exactly one event system in the scene
There are 2 event systems in the scene. Please ensure there is always exactly one event system in the scene
There are 2 event systems in the scene. Please ensure there is always exactly one event system in the scene
There are 2 event systems in the scene. Please ensure there is always exactly one event system in the scene
There are 2 event systems in the scene. Please ensure there is always exactly one event system in the scene
There are 2 event systems in the scene. Please ensure there is always exactly one event system in the scene
There are 2 event systems in the scene. Please ensure there is always exactly one event system in the scene
There are 2 event systems in the scene. Please ensure there is always exactly one event system in the scene
There are 2 event systems in the scene. Please ensure there is always exactly one event system in the scene
There are 2 event systems in the scene. Please ensure there is always exactly one event system in the scene
There are 2 event systems in the scene. Please ensure there is always exactly one event system in the scene
There are 2 event systems in the scene. Please ensure there is always exactly one event system in the scene
There are 2 event systems in the scene. Please ensure there is always exactly one event system in the scene
There are 2 event systems in the scene. Please ensure there is always exactly one event system in the scene
There are 2 event systems in the scene. Please ensure there is always exactly one event system in the scene
There are 2 event systems in the scene. Please ensure there is always exactly one event system in the scene
There are 2 event systems in the scene. Please ensure there is always exactly one event system in the scene
There are 2 event systems in the scene. Please ensure there is always exactly one event system in the scene
There are 2 event systems in the scene. Please ensure there is always exactly one event system in the scene
There are 2 event systems in the scene. Please ensure there is always exactly one event system in the scene
There are 2 event systems in the scene. Please ensure there is always exactly one event system in the scene
There are 2 event systems in the scene. Please ensure there is always exactly one event system in the scene
There are 2 event systems in the scene. Please ensure there is always exactly one event system in the scene
There are 2 event systems in the scene. Please ensure there is always exactly one event system in the scene
There are 2 event systems in the scene. Please ensure there is always exactly one event system in the scene
There are 2 event systems in the scene. Please ensure there is always exactly one event system in the scene
There are 2 event systems in the scene. Please ensure there is always exactly one event system in the scene
There are 2 event systems in the scene. Please ensure there is always exactly one event system in the scene
There are 2 event systems in the scene. Please ensure there is always exactly one event system in the scene
There are 2 event systems in the scene. Please ensure there is always exactly one event system in the scene
There are 2 event systems in the scene. Please ensure there is always exactly one event system in the scene
Saving results to: /Users/godju/Library/Application Support/godju/회귀자는 탑을 오른다/TestResults.xml
]]></output>
              </test-case>
            </test-suite>
          </test-suite>
        </test-suite>
      </test-suite>
    </test-suite>
  </test-suite>
</test-run>