<?xml version="1.0" encoding="utf-8"?>
<test-run id="2" testcasecount="1" result="Failed(Child)" total="1" passed="0" failed="1" inconclusive="0" skipped="0" asserts="0" engine-version="3.5.0.0" clr-version="4.0.30319.42000" start-time="2026-09-02 04:39:36Z" end-time="2026-09-02 04:39:37Z" duration="0.5304815">
  <test-suite type="TestSuite" id="1000" name="회귀자는 탑을 오른다" fullname="회귀자는 탑을 오른다" runstate="Runnable" testcasecount="214" result="Failed" site="Child" start-time="2026-09-02 04:39:36Z" end-time="2026-09-02 04:39:37Z" duration="0.530482" total="1" passed="0" failed="1" inconclusive="0" skipped="0" asserts="0">
    <properties>
      <property name="platform" value="EditMode" />
    </properties>
    <failure>
      <message><![CDATA[One or more child tests had errors]]></message>
    </failure>
    <test-suite type="Assembly" id="1224" name="HwigiTower.EditModeTests.dll" fullname="/Users/godju/Downloads/AI Game/hwigi-rest-ui-20260901/Library/ScriptAssemblies/HwigiTower.EditModeTests.dll" runstate="Runnable" testcasecount="214" result="Failed" site="Child" start-time="2026-09-02 04:39:36Z" end-time="2026-09-02 04:39:37Z" duration="0.508700" total="1" passed="0" failed="1" inconclusive="0" skipped="0" asserts="0">
      <properties>
        <property name="_PID" value="24558" />
        <property name="_APPDOMAIN" value="Unity Child Domain" />
        <property name="platform" value="EditMode" />
        <property name="EditorOnly" value="True" />
      </properties>
      <failure>
        <message><![CDATA[One or more child tests had errors]]></message>
      </failure>
      <test-suite type="TestSuite" id="1225" name="HwigiTower" fullname="HwigiTower" runstate="Runnable" testcasecount="214" result="Failed" site="Child" start-time="2026-09-02 04:39:36Z" end-time="2026-09-02 04:39:37Z" duration="0.502066" total="1" passed="0" failed="1" inconclusive="0" skipped="0" asserts="0">
        <properties />
        <failure>
          <message><![CDATA[One or more child tests had errors]]></message>
        </failure>
        <test-suite type="TestSuite" id="1226" name="Tests" fullname="HwigiTower.Tests" runstate="Runnable" testcasecount="214" result="Failed" site="Child" start-time="2026-09-02 04:39:36Z" end-time="2026-09-02 04:39:37Z" duration="0.493487" total="1" passed="0" failed="1" inconclusive="0" skipped="0" asserts="0">
          <properties />
          <failure>
            <message><![CDATA[One or more child tests had errors]]></message>
          </failure>
          <test-suite type="TestSuite" id="1227" name="EditMode" fullname="HwigiTower.Tests.EditMode" runstate="Runnable" testcasecount="214" result="Failed" site="Child" start-time="2026-09-02 04:39:36Z" end-time="2026-09-02 04:39:37Z" duration="0.481131" total="1" passed="0" failed="1" inconclusive="0" skipped="0" asserts="0">
            <properties />
            <failure>
              <message><![CDATA[One or more child tests had errors]]></message>
            </failure>
            <test-suite type="TestFixture" id="1097" name="RuntimeShellTests" fullname="HwigiTower.Tests.EditMode.RuntimeShellTests" classname="HwigiTower.Tests.EditMode.RuntimeShellTests" runstate="Runnable" testcasecount="126" result="Failed" site="Child" start-time="2026-09-02 04:39:36Z" end-time="2026-09-02 04:39:37Z" duration="0.474508" total="1" passed="0" failed="1" inconclusive="0" skipped="0" asserts="0">
              <properties />
              <failure>
                <message><![CDATA[One or more child tests had errors]]></message>
              </failure>
              <test-case id="1189" name="FinalBossVictory_OpensEndingChoiceOnce" fullname="HwigiTower.Tests.EditMode.RuntimeShellTests.FinalBossVictory_OpensEndingChoiceOnce" methodname="FinalBossVictory_OpensEndingChoiceOnce" classname="HwigiTower.Tests.EditMode.RuntimeShellTests" runstate="Runnable" seed="76557423" result="Failed" start-time="2026-09-02 04:39:36Z" end-time="2026-09-02 04:39:37Z" duration="0.434327" asserts="0">
                <properties>
                  <property name="retryIteration" value="0" />
                  <property name="repeatIteration" value="0" />
                </properties>
                <failure>
                  <message><![CDATA[  Expected selectable map nodes on floor 5
  Expected: greater than 0
  But was:  0
]]></message>
                  <stack-trace><![CDATA[at HwigiTower.Tests.EditMode.RuntimeShellTests.ResolveFullRouteToFinalBoss (HwigiTower.Run.PrototypeRunState state) [0x00042] in /Users/godju/Downloads/AI Game/hwigi-rest-ui-20260901/Assets/_Project/Tests/EditMode/RuntimeShellTests.cs:3637
at HwigiTower.Tests.EditMode.RuntimeShellTests.FinalBossVictory_OpensEndingChoiceOnce () [0x00045] in /Users/godju/Downloads/AI Game/hwigi-rest-ui-20260901/Assets/_Project/Tests/EditMode/RuntimeShellTests.cs:2178
]]></stack-trace>
                </failure>
                <output><![CDATA[Asset Packages/com.unity.ml-agents/Samples has no meta file, but it's in an immutable folder. The asset will be ignored.
Asset Packages/com.unity.ml-agents/Samples/3DBall has no meta file, but it's in an immutable folder. The asset will be ignored.
Asset Packages/com.unity.ml-agents/Samples/3DBall/3DBall.unitypackage has no meta file, but it's in an immutable folder. The asset will be ignored.
Saving results to: /Users/godju/Library/Application Support/godju/회귀자는 탑을 오른다/TestResults.xml
]]></output>
              </test-case>
            </test-suite>
          </test-suite>
        </test-suite>
      </test-suite>
    </test-suite>
  </test-suite>
</test-run>